2025-05-13 16:46:45,555 - INFO - HTTP Request: POST https://api.moonshot.cn/v1/chat/completions "HTTP/1.1 200 OK"
2025-05-13 16:46:45,566 - WARNING - 原始响应内容: {
  "key": "合集",
  "value": ["平静内心", "治愈之旅", "抗击抑郁"],
  "note": {
    "未选合集及理由": {
      "艰难时刻": "语句不涉及自我安抚或情绪困境的接纳。",
      "自我关怀": "虽然涉及自我愈合，但更偏向于内在疗愈而非日常的自我滋养。",
      "减压放松": "未体现压力释放或当下放松意图。",
      "感恩练习": "不涉及感恩或资源觉察内容。",
      "爱我的身体": "无身体相关的觉察或积极接纳表达。",
      "爱自己": "未明确传达无条件自我认同。",
      "自尊心": "未强调自身价值体系的稳固。",
      "我很好": "不涉及自我状态的简单确认。",
      "积极心态": "未强调乐观思维或积极感知。",
      "愉悦心情": "不涉及日常愉悦感知。",
      "焕发生命力": "未关注唤醒内在活力或潜能。",
      "点燃动力": "不涉及突破行动瓶颈或意志召唤。",
      "拥抱女性身份": "无女性身份相关内容。",
      "女性力量": "未涉及抗争/主权意识建构。",
      "亲密关系": "语句未指向关系修复或信任建设。",
      "人际交往": "未关注社交掌控感或边界维护。",
      "爱家人": "未提及家庭成员或家庭关系。",
      "原谅": "无关于宽恕他人或自我原谅的内容。",
      "事业成功": "无职业发展或成就目标导向。",
      "擦拭信念": "未涉及信念重塑或理想追求。",
      "追梦无悔": "未体现追梦或不懈努力情境。"
    }
  }
}
2025-05-13 16:46:45,827 - INFO - HTTP Request: POST https://api.moonshot.cn/v1/chat/completions "HTTP/1.1 200 OK"
2025-05-13 16:46:45,828 - WARNING - 原始响应内容: {
  "key": "合集",
  "value": ["抗击抑郁", "自我关怀", "自信", "个人成长"],
  "note": {
    "未选合集及理由": {
      "艰难时刻": "语句不涉及自我安抚或情绪困境的接纳。",
      "平静内心": "不符合寻找心理宁静的需求。",
      "心碎疗愈": "无情感伤害或关系修复内容。",
      "减压放松": "未体现压力释放或当下放松意图。",
      "感恩练习": "不涉及感恩或资源觉察内容。",
      "爱我的身体": "无身体相关的觉察或积极接纳表达。",
      "爱自己": "未明确传达无条件自我认同。",
      "自尊心": "未强调自身价值体系的稳固。",
      "我很好": "不涉及自我状态的简单确认。",
      "积极心态": "未强调乐观思维或积极感知。",
      "愉悦心情": "不涉及日常愉悦感知。",
      "焕发生命力": "未关注唤醒内在活力或潜能。",
      "点燃动力": "不涉及突破行动瓶颈或意志召唤。",
      "拥抱女性身份": "无女性身份相关内容。",
      "女性力量": "未涉及抗争/主权意识建构。",
      "亲密关系": "语句未指向关系修复或信任建设。",
      "人际交往": "未关注社交掌控感或边界维护。",
      "爱家人": "未提及家庭成员或家庭关系。",
      "原谅": "无关于宽恕他人或自我原谅的内容。",
      "事业成功": "无职业发展或成就目标导向。",
      "擦拭信念": "未涉及信念重塑或理想追求。",
      "追梦无悔": "未体现追梦或不懈努力情境。"
    }
  }
}
2025-05-13 16:46:46,034 - INFO - HTTP Request: POST https://api.moonshot.cn/v1/chat/completions "HTTP/1.1 200 OK"
2025-05-13 16:46:46,035 - WARNING - 原始响应内容: {
  "key": "合集",
  "value": ["平静内心", "自我关怀", "擦拭信念"],
  "note": {
    "未选合集及理由": {
      "个人成长": "语句未强调个人发展或学习进步。",
      "自信": "未强调自我信任或能力肯定。",
      "艰难时刻": "语句不涉及自我安抚或情绪困境的接纳。",
      "抗击抑郁": "语句未聚焦低落情绪的恢复。",
      "心碎疗愈": "无情感伤害或关系修复内容。",
      "减压放松": "未体现压力释放或当下放松意图。",
      "感恩练习": "不涉及感恩或资源觉察内容。",
      "爱我的身体": "无身体相关的觉察或积极接纳表达。",
      "爱自己": "未明确传达无条件自我认同。",
      "自尊心": "未强调自身价值体系的稳固。",
      "我很好": "不涉及自我状态的简单确认。",
      "积极心态": "未强调乐观思维或积极感知。",
      "愉悦心情": "不涉及日常愉悦感知。",
      "焕发生命力": "未关注唤醒内在活力或潜能。",
      "点燃动力": "不涉及突破行动瓶颈或意志召唤。",
      "拥抱女性身份": "无女性身份相关内容。",
      "女性力量": "未涉及抗争/主权意识建构。",
      "亲密关系": "语句未指向关系修复或信任建设。",
      "人际交往": "未关注社交掌控感或边界维护。",
      "爱家人": "未提及家庭成员或家庭关系。",
      "原谅": "无关于宽恕他人或自我原谅的内容。",
      "事业成功": "无职业发展或成就目标导向。",
      "追梦无悔": "未体现追梦或不懈努力情境。"
    }
  }
}
2025-05-13 16:46:46,305 - INFO - HTTP Request: POST https://api.moonshot.cn/v1/chat/completions "HTTP/1.1 200 OK"
2025-05-13 16:46:46,307 - WARNING - 原始响应内容: {
  "key": "合集",
  "value": ["平静内心", "治愈之旅"],
  "note": {
    "未选合集及理由": {
      "艰难时刻": "语句不涉及自我安抚或情绪困境的接纳。",
      "抗击抑郁": "语句未聚焦低落情绪的恢复。",
      "心碎疗愈": "无情感伤害或关系修复内容。",
      "自我关怀": "未体现自我滋养或自我照顾的意图。",
      "减压放松": "未体现压力释放或当下放松意图。",
      "感恩练习": "不涉及感恩或资源觉察内容。",
      "爱我的身体": "无身体相关的觉察或积极接纳表达。",
      "爱自己": "未明确传达无条件自我认同。",
      "自尊心": "未强调自身价值体系的稳固。",
      "我很好": "不涉及自我状态的简单确认。",
      "积极心态": "未强调乐观思维或积极感知。",
      "愉悦心情": "不涉及日常愉悦感知。",
      "焕发生命力": "未关注唤醒内在活力或潜能。",
      "点燃动力": "不涉及突破行动瓶颈或意志召唤。",
      "拥抱女性身份": "无女性身份相关内容。",
      "女性力量": "未涉及抗争/主权意识建构。",
      "亲密关系": "语句未指向关系修复或信任建设。",
      "人际交往": "未关注社交掌控感或边界维护。",
      "爱家人": "未提及家庭成员或家庭关系。",
      "原谅": "无关于宽恕他人或自我原谅的内容。",
      "个人成长": "语句未强调学习和进步。",
      "事业成功": "无职业发展或成就目标导向。",
      "擦拭信念": "未涉及信念重塑或理想追求。",
      "追梦无悔": "未体现追梦或不懈努力情境。"
    }
  }
}
2025-05-13 16:46:46,618 - INFO - HTTP Request: POST https://api.moonshot.cn/v1/chat/completions "HTTP/1.1 200 OK"
2025-05-13 16:46:46,619 - WARNING - 原始响应内容: {
  "key": "合集",
  "value": ["自我关怀", "治愈之旅", "平静内心"],
  "note": {
    "未选合集及理由": {
      "个人成长": "语句未强调学习和进步，而是关注自我疗愈。",
      "自信": "未强调自我信任或面对挑战的能力，而是自我疗愈和接纳。",
      "艰难时刻": "语句不涉及自我安抚或情绪困境的接纳。",
      "抗击抑郁": "语句未聚焦低落情绪的恢复。",
      "心碎疗愈": "无情感伤害或关系修复内容。",
      "减压放松": "未体现压力释放或当下放松意图。",
      "感恩练习": "不涉及感恩或资源觉察内容。",
      "爱我的身体": "无身体相关的觉察或积极接纳表达。",
      "爱自己": "未明确传达无条件自我认同。",
      "自尊心": "未强调自身价值体系的稳固。",
      "我很好": "不涉及自我状态的简单确认。",
      "积极心态": "未强调乐观思维或积极感知。",
      "愉悦心情": "不涉及日常愉悦感知。",
      "焕发生命力": "未关注唤醒内在活力或潜能。",
      "点燃动力": "不涉及突破行动瓶颈或意志召唤。",
      "拥抱女性身份": "无女性身份相关内容。",
      "女性力量": "未涉及抗争/主权意识建构。",
      "亲密关系": "语句未指向关系修复或信任建设。",
      "人际交往": "未关注社交掌控感或边界维护。",
      "爱家人": "未提及家庭成员或家庭关系。",
      "原谅": "无关于宽恕他人或自我原谅的内容。",
      "事业成功": "无职业发展或成就目标导向。",
      "擦拭信念": "未涉及信念重塑或理想追求。",
      "追梦无悔": "未体现追梦或不懈努力情境。"
    }
  }
}
2025-05-13 16:46:48,441 - INFO - HTTP Request: POST https://api.moonshot.cn/v1/chat/completions "HTTP/1.1 200 OK"
2025-05-13 16:46:48,442 - WARNING - 原始响应内容: {
    "key": "感情状况",
    "value": ["最近刚分手"],
    "note": "这句自我肯定语强调了疗愈和从过去中抽离，适合最近刚分手的用户。对于正在恋爱、处在一段艰难的亲密关系中、快乐地单身着、单身但准备好了开始新的恋情的用户，这句自我肯定语并没有直接关联到他们当前的感情状态，因此不放这些标签。"
}
2025-05-13 16:46:48,484 - INFO - HTTP Request: POST https://api.moonshot.cn/v1/chat/completions "HTTP/1.1 200 OK"
2025-05-13 16:46:48,485 - WARNING - 原始响应内容: {
    "key": "感情状况",
    "value": ["最近刚分手", "处在一段艰难的亲密关系中", "单身但准备好了开始新的恋情"],
    "note": "不放'正在恋爱'和'快乐地单身着'的理由是，这句话强调个人有能力再次愉快起来，适合刚经历分手、处在艰难关系中或单身准备开始新恋情的人，因为他们可能需要提醒自己有能力快乐。而'正在恋爱'和'快乐地单身着'的人已经处于积极的情感状态，不太需要这种提醒。"
}
2025-05-13 16:46:48,565 - INFO - HTTP Request: POST https://api.moonshot.cn/v1/chat/completions "HTTP/1.1 200 OK"
2025-05-13 16:46:48,565 - WARNING - 原始响应内容: {
    "key": "感情状况",
    "value": ["最近刚分手", "处在一段艰难的亲密关系中", "有点辛苦的暗恋"],
    "note": "不放'正在恋爱'的原因是这句话强调的是脆弱时的自我愈合力量，而正在恋爱的人可能更多地感受到伴侣的支持和陪伴，与自我愈合力量的情境不太相符。不放'快乐地单身着'和'单身但准备好了开始新的恋情'的原因是这句话更多关注于脆弱和自我愈合，而这两个状态的人可能更多地关注于享受单身或准备开始新恋情的积极情绪，与脆弱和自我愈合的情境不太匹配。"
}
2025-05-13 16:46:48,857 - INFO - HTTP Request: POST https://api.moonshot.cn/v1/chat/completions "HTTP/1.1 200 OK"
2025-05-13 16:46:48,859 - WARNING - 原始响应内容: {
    "key": "感情状况",
    "value": ["正在恋爱", "处在一段艰难的亲密关系中", "最近刚分手", "快乐地单身着", "单身但准备好了开始新的恋情"],
    "note": "自我肯定语“我接受所有现实情况”具有普遍性，适合多种感情状况。它表达了一种接受现实、积极面对的态度，适用于不同阶段和状态的人。\n- 不适用于“有点辛苦的暗恋”，因为该状态更侧重于情感的挣扎和对人际交往的渴望，而这句话更多是关于接受现实和自我肯定。"
}
2025-05-13 16:46:49,304 - INFO - HTTP Request: POST https://api.moonshot.cn/v1/chat/completions "HTTP/1.1 200 OK"
2025-05-13 16:46:49,306 - WARNING - 原始响应内容: {
    "key": "感情状况",
    "value": ["正在恋爱", "最近刚分手", "处在一段艰难的亲密关系中", "快乐地单身着", "单身但准备好了开始新的恋情"],
    "note": "该自我肯定语'我在任何时候都可以治愈自己'强调了个人自我疗愈和自我成长的能力，适合所有感情状况的用户。'有点辛苦的暗恋'用户可能更关注人际交往和勇气，而不是自我疗愈，因此不放这个标签。"
}
2025-05-13 16:46:50,665 - INFO - HTTP Request: POST https://api.moonshot.cn/v1/chat/completions "HTTP/1.1 200 OK"
2025-05-13 16:46:50,665 - WARNING - 原始响应内容: {
    "最近的感觉": ["不好", "糟糕"],
    "什么让你有这种感觉": ["自己"],
    "note": "自我肯定语中的“我有能力再次愉快起来”暗示了当前可能处于不太愉快的状态，因此适合【不好】和【糟糕】的情感状态。句子中没有提及家庭、朋友、工作、健康、感情或学业，而是强调了个人的能力，所以选择了【自己】作为相关因素。"
}
2025-05-13 16:46:50,713 - INFO - HTTP Request: POST https://api.moonshot.cn/v1/chat/completions "HTTP/1.1 200 OK"
2025-05-13 16:46:50,714 - WARNING - 原始响应内容: {
    "最近的感觉": ["一般"],
    "什么让你有这种感觉": ["自己"],
    "note": "该自我肯定语表达了接受现实的态度，适合情感状态为'一般'的用户，因为他们可能正面临一些中性情绪或日常状态。句子中没有提及家庭、朋友、工作、健康、感情或学业相关的内容，因此不选择这些标签。"
}
2025-05-13 16:46:51,110 - INFO - HTTP Request: POST https://api.moonshot.cn/v1/chat/completions "HTTP/1.1 200 OK"
2025-05-13 16:46:51,112 - WARNING - 原始响应内容: {
    "最近的感觉": ["不好", "糟糕"],
    "什么让你有这种感觉": ["健康", "自己"],
    "note": "不放'开心'和'很好'标签的理由是句子中提到的'脆弱'和'自我愈合力量'暗示了一种需要安慰和支持的情感状态，这与'开心'和'很好'所代表的积极情绪不符。不放'家庭'、'朋友'、'工作'、'感情'和'学业'标签的理由是句子中没有明确提及这些因素。"
}
2025-05-13 16:46:51,122 - INFO - HTTP Request: POST https://api.moonshot.cn/v1/chat/completions "HTTP/1.1 200 OK"
2025-05-13 16:46:51,123 - WARNING - 原始响应内容: {
    "最近的感觉": ["不好", "糟糕"],
    "什么让你有这种感觉": ["健康", "自己"],
    "note": "不放'开心'和'很好'标签的理由是句子中提到了'疗愈'，表明用户可能正在经历一些负面的情绪，需要疗愈和安慰，因此不适合'开心'和'很好'的情感状态。不放'家庭'、'朋友'、'工作'、'感情'、'学业'标签的理由是句子中没有明确提及这些因素，而是强调了个人疗愈和自我关怀。"
}
2025-05-13 16:46:51,182 - INFO - HTTP Request: POST https://api.moonshot.cn/v1/chat/completions "HTTP/1.1 200 OK"
2025-05-13 16:46:51,183 - WARNING - 原始响应内容: {
    "最近的感觉": ["不好", "糟糕"],
    "什么让你有这种感觉": ["健康", "自己"],
    "note": "该自我肯定语适用于需要治愈和自我调节的用户，因此适合【不好】和【糟糕】的情感状态。句子中没有提及家庭、朋友、工作、感情或学业，所以这些标签不适用。"
}
