2025-05-13 11:46:09,337 - INFO - HTTP Request: POST https://api.moonshot.cn/v1/chat/completions "HTTP/1.1 200 OK"
2025-05-13 11:46:09,347 - WARNING - 原始响应内容: {
  "key": "合集",
  "value": ["个人成长", "积极心态", "我很好"],
  "note": {
    "未选合集及理由": {
      "自信": "虽然句子表达了自我提升，但未直接强调自我信任或能力自信。",
      "艰难时刻": "语句不涉及自我安抚或情绪困境的接纳。",
      "平静内心": "不符合寻找心理宁静的需求。",
      "抗击抑郁": "语句未聚焦低落情绪的恢复。",
      "心碎疗愈": "无情感伤害或关系修复内容。",
      "自我关怀": "无直接关于滋养自我的表达。",
      "减压放松": "未体现压力释放或当下放松意图。",
      "感恩练习": "不涉及感恩或资源觉察内容。",
      "爱我的身体": "无身体相关的觉察或积极接纳表达。",
      "爱自己": "未明确传达无条件自我认同。",
      "自尊心": "未强调自身价值体系的稳固。",
      "愉悦心情": "不涉及日常愉悦感知。",
      "焕发生命力": "未关注唤醒内在活力或潜能。",
      "点燃动力": "不涉及突破行动瓶颈或意志召唤。",
      "拥抱女性身份": "无女性身份相关内容。",
      "女性力量": "未涉及抗争/主权意识建构。",
      "亲密关系": "语句未指向关系修复或信任建设。",
      "人际交往": "未关注社交掌控感或边界维护。",
      "爱家人": "未提及家庭成员或家庭关系。",
      "原谅": "无关于宽恕他人或自我原谅的内容。",
      "事业成功": "无职业发展或成就目标导向。",
      "擦拭信念": "未涉及信念重塑或理想追求。",
      "追梦无悔": "未体现追梦或不懈努力情境。"
    }
  }
}
2025-05-13 11:46:09,456 - INFO - HTTP Request: POST https://api.moonshot.cn/v1/chat/completions "HTTP/1.1 200 OK"
2025-05-13 11:46:09,457 - WARNING - 原始响应内容: {
  "key": "合集",
  "value": ["自我关怀", "减压放松"],
  "note": {
    "未选合集及理由": {
      "个人成长":"语句未涉及个人发展或学习进步。",
      "自信":"未强调自我信任或面对挑战的能力。",
      "艰难时刻": "语句不涉及自我安抚或情绪困境的接纳。",
      "平静内心": "不符合寻找心理宁静的需求。",
      "抗击抑郁": "语句未聚焦低落情绪的恢复。",
      "心碎疗愈": "无情感伤害或关系修复内容。",
      "感恩练习": "不涉及感恩或资源觉察内容。",
      "爱我的身体": "无身体相关的觉察或积极接纳表达。",
      "爱自己": "未明确传达无条件自我认同。",
      "自尊心": "未强调自身价值体系的稳固。",
      "我很好": "不涉及自我状态的简单确认。",
      "积极心态": "未强调乐观思维或积极感知。",
      "愉悦心情": "不涉及日常愉悦感知。",
      "焕发生命力": "未关注唤醒内在活力或潜能。",
      "点燃动力": "不涉及突破行动瓶颈或意志召唤。",
      "拥抱女性身份": "无女性身份相关内容。",
      "女性力量": "未涉及抗争/主权意识建构。",
      "亲密关系": "语句未指向关系修复或信任建设。",
      "人际交往": "未关注社交掌控感或边界维护。",
      "爱家人": "未提及家庭成员或家庭关系。",
      "原谅": "无关于宽恕他人或自我原谅的内容。",
      "事业成功": "无职业发展或成就目标导向。",
      "擦拭信念": "未涉及信念重塑或理想追求。",
      "追梦无悔": "未体现追梦或不懈努力情境。"
    }
  }
}
2025-05-13 11:46:09,496 - INFO - HTTP Request: POST https://api.moonshot.cn/v1/chat/completions "HTTP/1.1 200 OK"
2025-05-13 11:46:09,498 - WARNING - 原始响应内容: {
  "key": "合集",
  "value": ["平静内心"],
  "note": {
    "未选合集及理由": {
      "艰难时刻": "语句不涉及自我安抚或情绪困境的接纳。",
      "抗击抑郁": "语句未聚焦低落情绪的恢复。",
      "心碎疗愈": "无情感伤害或关系修复内容。",
      "自我关怀": "未体现自我滋养或自我照顾的意图。",
      "减压放松": "未体现压力释放或当下放松意图。",
      "感恩练习": "不涉及感恩或资源觉察内容。",
      "爱我的身体": "无身体相关的觉察或积极接纳表达。",
      "爱自己": "未明确传达无条件自我认同。",
      "自尊心": "未强调自身价值体系的稳固。",
      "我很好": "不涉及自我状态的简单确认。",
      "积极心态": "未强调乐观思维或积极感知。",
      "愉悦心情": "不涉及日常愉悦感知。",
      "焕发生命力": "未关注唤醒内在活力或潜能。",
      "点燃动力": "不涉及突破行动瓶颈或意志召唤。",
      "拥抱女性身份": "无女性身份相关内容。",
      "女性力量": "未涉及抗争/主权意识建构。",
      "亲密关系": "语句未指向关系修复或信任建设。",
      "人际交往": "未关注社交掌控感或边界维护。",
      "爱家人": "未提及家庭成员或家庭关系。",
      "原谅": "无关于宽恕他人或自我原谅的内容。",
      "个人成长": "未涉及个人成长或自我提升。",
      "事业成功": "无职业发展或成就目标导向。",
      "擦拭信念": "未涉及信念重塑或理想追求。",
      "追梦无悔": "未体现追梦或不懈努力情境。"
    }
  }
}
2025-05-13 11:46:09,502 - INFO - HTTP Request: POST https://api.moonshot.cn/v1/chat/completions "HTTP/1.1 200 OK"
2025-05-13 11:46:09,504 - WARNING - 原始响应内容: {
  "key": "合集",
  "value": ["我很好", "自信"],
  "note": {
    "未选合集及理由": {
      "个人成长":"语句未涉及成长过程中的挑战或学习。",
      "艰难时刻": "语句不涉及自我安抚或情绪困境的接纳。",
      "平静内心": "不符合寻找心理宁静的需求。",
      "抗击抑郁": "语句未聚焦低落情绪的恢复。",
      "心碎疗愈": "无情感伤害或关系修复内容。",
      "自我关怀": "无直接关于滋养自我的表达。",
      "减压放松": "未体现压力释放或当下放松意图。",
      "感恩练习": "不涉及感恩或资源觉察内容。",
      "爱我的身体": "无身体相关的觉察或积极接纳表达。",
      "爱自己": "未明确传达无条件自我认同。",
      "自尊心": "未强调自身价值体系的稳固。",
      "积极心态": "未强调乐观思维或积极感知。",
      "愉悦心情": "不涉及日常愉悦感知。",
      "焕发生命力": "未关注唤醒内在活力或潜能。",
      "点燃动力": "不涉及突破行动瓶颈或意志召唤。",
      "拥抱女性身份": "无女性身份相关内容。",
      "女性力量": "未涉及抗争/主权意识建构。",
      "亲密关系": "语句未指向关系修复或信任建设。",
      "人际交往": "未关注社交掌控感或边界维护。",
      "爱家人": "未提及家庭成员或家庭关系。",
      "原谅": "无关于宽恕他人或自我原谅的内容。",
      "事业成功": "无职业发展或成就目标导向。",
      "擦拭信念": "未涉及信念重塑或理想追求。",
      "追梦无悔": "未体现追梦或不懈努力情境。"
    }
  }
}
2025-05-13 11:46:09,521 - INFO - HTTP Request: POST https://api.moonshot.cn/v1/chat/completions "HTTP/1.1 200 OK"
2025-05-13 11:46:09,522 - WARNING - 原始响应内容: {
  "key": "合集",
  "value": ["平静内心", "减压放松"],
  "note": {
    "未选合集及理由": {
      "个人成长":"语句未涉及学习进步或自我提升。",
      "自信":"未强调自我信任或能力肯定。",
      "艰难时刻": "语句不涉及自我安抚或情绪困境的接纳。",
      "抗击抑郁": "语句未聚焦低落情绪的恢复。",
      "心碎疗愈": "无情感伤害或关系修复内容。",
      "自我关怀": "未体现滋养自我或自我照顾的意图。",
      "感恩练习": "不涉及感恩或资源觉察内容。",
      "爱我的身体": "无身体相关的觉察或积极接纳表达。",
      "爱自己": "未明确传达无条件自我认同。",
      "自尊心": "未强调自身价值体系的稳固。",
      "我很好": "语句未涉及自我状态的简单确认。",
      "积极心态": "未强调乐观思维或积极感知。",
      "愉悦心情": "不涉及日常愉悦感知。",
      "焕发生命力": "未关注唤醒内在活力或潜能。",
      "点燃动力": "不涉及突破行动瓶颈或意志召唤。",
      "拥抱女性身份": "无女性身份相关内容。",
      "女性力量": "未涉及抗争/主权意识建构。",
      "亲密关系": "语句未指向关系修复或信任建设。",
      "人际交往": "未关注社交掌控感或边界维护。",
      "爱家人": "未提及家庭成员或家庭关系。",
      "原谅": "无关于宽恕他人或自我原谅的内容。",
      "事业成功": "无职业发展或成就目标导向。",
      "擦拭信念": "未涉及信念重塑或理想追求。",
      "追梦无悔": "未体现追梦或不懈努力情境。"
    }
  }
}
2025-05-13 11:46:18,560 - INFO - HTTP Request: POST https://api.moonshot.cn/v1/chat/completions "HTTP/1.1 200 OK"
2025-05-13 11:46:18,562 - WARNING - 原始响应内容: {
  "key": "合集",
  "value": ["自我关怀", "自尊心", "我很好"],
  "note": {
    "未选合集及理由": {
      "艰难时刻": "语句不涉及自我安抚或情绪困境的接纳。",
      "平静内心": "不符合寻找心理宁静的需求。",
      "抗击抑郁": "语句未聚焦低落情绪的恢复。",
      "心碎疗愈": "无情感伤害或关系修复内容。",
      "减压放松": "未体现压力释放或当下放松意图。",
      "感恩练习": "不涉及感恩或资源觉察内容。",
      "爱我的身体": "无身体相关的觉察或积极接纳表达。",
      "爱自己": "未明确传达无条件自我认同。",
      "积极心态": "未强调乐观思维或积极感知。",
      "愉悦心情": "不涉及日常愉悦感知。",
      "焕发生命力": "未关注唤醒内在活力或潜能。",
      "点燃动力": "不涉及突破行动瓶颈或意志召唤。",
      "拥抱女性身份": "无女性身份相关内容。",
      "女性力量": "未涉及抗争/主权意识建构。",
      "亲密关系": "语句未指向关系修复或信任建设。",
      "人际交往": "未关注社交掌控感或边界维护。",
      "爱家人": "未提及家庭成员或家庭关系。",
      "原谅": "无关于宽恕他人或自我原谅的内容。",
      "事业成功": "无职业发展或成就目标导向。",
      "擦拭信念": "未涉及信念重塑或理想追求。",
      "追梦无悔": "未体现追梦或不懈努力情境。"
    }
  }
}
2025-05-13 11:46:18,799 - INFO - HTTP Request: POST https://api.moonshot.cn/v1/chat/completions "HTTP/1.1 200 OK"
2025-05-13 11:46:18,801 - WARNING - 原始响应内容: {
  "key": "合集",
  "value": ["个人成长", "事业成功", "积极心态"],
  "note": {
    "未选合集及理由": {
      "艰难时刻": "语句不涉及自我安抚或情绪困境的接纳。",
      "平静内心": "不符合寻找心理宁静的需求。",
      "抗击抑郁": "语句未聚焦低落情绪的恢复。",
      "心碎疗愈": "无情感伤害或关系修复内容。",
      "自我关怀": "无直接关于滋养自我的表达。",
      "减压放松": "未体现压力释放或当下放松意图。",
      "感恩练习": "不涉及感恩或资源觉察内容。",
      "爱我的身体": "无身体相关的觉察或积极接纳表达。",
      "爱自己": "未明确传达无条件自我认同。",
      "自尊心": "未强调自身价值体系的稳固。",
      "我很好": "不涉及自我状态的简单确认。",
      "愉悦心情": "不涉及日常愉悦感知。",
      "焕发生命力": "未关注唤醒内在活力或潜能。",
      "点燃动力": "不涉及突破行动瓶颈或意志召唤。",
      "拥抱女性身份": "无女性身份相关内容。",
      "女性力量": "未涉及抗争/主权意识建构。",
      "亲密关系": "语句未指向关系修复或信任建设。",
      "人际交往": "未关注社交掌控感或边界维护。",
      "爱家人": "未提及家庭成员或家庭关系。",
      "原谅": "无关于宽恕他人或自我原谅的内容。",
      "擦拭信念": "未涉及信念重塑或理想追求。",
      "追梦无悔": "未体现追梦或不懈努力情境。"
    }
  }
}
2025-05-13 11:46:18,973 - INFO - HTTP Request: POST https://api.moonshot.cn/v1/chat/completions "HTTP/1.1 200 OK"
2025-05-13 11:46:18,975 - WARNING - 原始响应内容: {
  "key": "合集",
  "value": ["积极心态", "自信", "个人成长"],
  "note": {
    "未选合集及理由": {
      "艰难时刻": "语句不涉及自我安抚或情绪困境的接纳。",
      "平静内心": "不符合寻找心理宁静的需求。",
      "抗击抑郁": "语句未聚焦低落情绪的恢复。",
      "心碎疗愈": "无情感伤害或关系修复内容。",
      "自我关怀": "无直接关于滋养自我的表达。",
      "减压放松": "未体现压力释放或当下放松意图。",
      "感恩练习": "不涉及感恩或资源觉察内容。",
      "爱我的身体": "无身体相关的觉察或积极接纳表达。",
      "爱自己": "未明确传达无条件自我认同。",
      "自尊心": "未强调自身价值体系的稳固。",
      "我很好": "不涉及自我状态的简单确认。",
      "愉悦心情": "不涉及日常愉悦感知。",
      "焕发生命力": "未关注唤醒内在活力或潜能。",
      "点燃动力": "不涉及突破行动瓶颈或意志召唤。",
      "拥抱女性身份": "无女性身份相关内容。",
      "女性力量": "未涉及抗争/主权意识建构。",
      "亲密关系": "语句未指向关系修复或信任建设。",
      "人际交往": "未关注社交掌控感或边界维护。",
      "爱家人": "未提及家庭成员或家庭关系。",
      "原谅": "无关于宽恕他人或自我原谅的内容。",
      "事业成功": "无职业发展或成就目标导向。",
      "擦拭信念": "未涉及信念重塑或理想追求。",
      "追梦无悔": "未体现追梦或不懈努力情境。"
    }
  }
}
2025-05-13 11:46:19,142 - INFO - HTTP Request: POST https://api.moonshot.cn/v1/chat/completions "HTTP/1.1 200 OK"
2025-05-13 11:46:19,143 - WARNING - 原始响应内容: {
  "key": "合集",
  "value": ["平静内心", "自信"],
  "note": {
    "未选合集及理由": {
      "个人成长":"语句未涉及成长或学习过程。",
      "艰难时刻": "语句不涉及自我安抚或情绪困境的接纳。",
      "抗击抑郁": "语句未聚焦低落情绪的恢复。",
      "心碎疗愈": "无情感伤害或关系修复内容。",
      "自我关怀": "无直接关于滋养自我的表达。",
      "减压放松": "未体现压力释放或当下放松意图。",
      "感恩练习": "不涉及感恩或资源觉察内容。",
      "爱我的身体": "无身体相关的觉察或积极接纳表达。",
      "爱自己": "未明确传达无条件自我认同。",
      "自尊心": "未强调自身价值体系的稳固。",
      "我很好": "不涉及自我状态的简单确认。",
      "积极心态": "未强调乐观思维或积极感知。",
      "愉悦心情": "不涉及日常愉悦感知。",
      "焕发生命力": "未关注唤醒内在活力或潜能。",
      "点燃动力": "不涉及突破行动瓶颈或意志召唤。",
      "拥抱女性身份": "无女性身份相关内容。",
      "女性力量": "未涉及抗争/主权意识建构。",
      "亲密关系": "语句未指向关系修复或信任建设。",
      "人际交往": "未关注社交掌控感或边界维护。",
      "爱家人": "未提及家庭成员或家庭关系。",
      "原谅": "无关于宽恕他人或自我原谅的内容。",
      "事业成功": "无职业发展或成就目标导向。",
      "擦拭信念": "未涉及信念重塑或理想追求。",
      "追梦无悔": "未体现追梦或不懈努力情境。"
    }
  }
}
2025-05-13 11:46:19,497 - INFO - HTTP Request: POST https://api.moonshot.cn/v1/chat/completions "HTTP/1.1 200 OK"
2025-05-13 11:46:19,498 - WARNING - 原始响应内容: {
  "key": "合集",
  "value": ["感恩练习"],
  "note": {
    "未选合集及理由": {
      "个人成长":"语句未强调个人发展或学习进步。",
      "自信":"未强调自我信任或能力肯定。",
      "艰难时刻": "语句不涉及自我安抚或情绪困境的接纳。",
      "平静内心": "不符合寻找心理宁静的需求。",
      "抗击抑郁": "语句未聚焦低落情绪的恢复。",
      "心碎疗愈": "无情感伤害或关系修复内容。",
      "自我关怀": "无直接关于滋养自我的表达。",
      "减压放松": "未体现压力释放或当下放松意图。",
      "爱我的身体": "无身体相关的觉察或积极接纳表达。",
      "爱自己": "未明确传达无条件自我认同。",
      "自尊心": "未强调自身价值体系的稳固。",
      "我很好": "不涉及自我状态的简单确认。",
      "积极心态": "未强调乐观思维或积极感知。",
      "愉悦心情": "不涉及日常愉悦感知。",
      "焕发生命力": "未关注唤醒内在活力或潜能。",
      "点燃动力": "不涉及突破行动瓶颈或意志召唤。",
      "拥抱女性身份": "无女性身份相关内容。",
      "女性力量": "未涉及抗争/主权意识建构。",
      "亲密关系": "语句未指向关系修复或信任建设。",
      "人际交往": "未关注社交掌控感或边界维护。",
      "爱家人": "未提及家庭成员或家庭关系。",
      "原谅": "无关于宽恕他人或自我原谅的内容。",
      "事业成功": "无职业发展或成就目标导向。",
      "擦拭信念": "未涉及信念重塑或理想追求。",
      "追梦无悔": "未体现追梦或不懈努力情境。"
    }
  }
}
