2025-05-13 11:48:05,328 - INFO - HTTP Request: POST https://api.moonshot.cn/v1/chat/completions "HTTP/1.1 200 OK"
2025-05-13 11:48:05,337 - WARNING - 原始响应内容: {
  "key": "合集",
  "value": ["自我关怀", "减压放松", "我很好"],
  "note": {
    "未选合集及理由": {
      "艰难时刻": "语句不涉及自我安抚或情绪困境的接纳。",
      "平静内心": "虽然涉及休息，但未聚焦于寻找心理宁静的需求。",
      "抗击抑郁": "语句未聚焦低落情绪的恢复。",
      "心碎疗愈": "无情感伤害或关系修复内容。",
      "感恩练习": "不涉及感恩或资源觉察内容。",
      "爱我的身体": "无身体相关的觉察或积极接纳表达。",
      "爱自己": "未明确传达无条件自我认同。",
      "自尊心": "未强调自身价值体系的稳固。",
      "积极心态": "未强调乐观思维或积极感知。",
      "愉悦心情": "不涉及日常愉悦感知。",
      "焕发生命力": "未关注唤醒内在活力或潜能。",
      "点燃动力": "不涉及突破行动瓶颈或意志召唤。",
      "拥抱女性身份": "无女性身份相关内容。",
      "女性力量": "未涉及抗争/主权意识建构。",
      "亲密关系": "语句未指向关系修复或信任建设。",
      "人际交往": "未关注社交掌控感或边界维护。",
      "爱家人": "未提及家庭成员或家庭关系。",
      "原谅": "无关于宽恕他人或自我原谅的内容。",
      "事业成功": "无职业发展或成就目标导向。",
      "擦拭信念": "未涉及信念重塑或理想追求。",
      "追梦无悔": "未体现追梦或不懈努力情境。"
    }
  }
}
2025-05-13 11:48:05,591 - INFO - HTTP Request: POST https://api.moonshot.cn/v1/chat/completions "HTTP/1.1 200 OK"
2025-05-13 11:48:05,592 - WARNING - 原始响应内容: {
  "key": "合集",
  "value": [
    "我很好",
    "积极心态"
  ],
  "note": {
    "未选合集及理由": {
      "个人成长": "语句未强调学习和进步，而是关于当前状态的肯定。",
      "自信": "虽然句子表达了积极的自我认知，但更侧重于当前状态的接受和肯定，而非自信力的增强。",
      "艰难时刻": "语句不涉及自我安抚或情绪困境的接纳。",
      "平静内心": "不符合寻找心理宁静的需求。",
      "抗击抑郁": "语句未聚焦低落情绪的恢复。",
      "心碎疗愈": "无情感伤害或关系修复内容。",
      "自我关怀": "无直接关于滋养自我的表达。",
      "减压放松": "未体现压力释放或当下放松意图。",
      "感恩练习": "不涉及感恩或资源觉察内容。",
      "爱我的身体": "无身体相关的觉察或积极接纳表达。",
      "爱自己": "未明确传达无条件自我认同。",
      "自尊心": "未强调自身价值体系的稳固。",
      "拥抱女性身份": "无女性身份相关内容。",
      "女性力量": "未涉及抗争/主权意识建构。",
      "亲密关系": "语句未指向关系修复或信任建设。",
      "人际交往": "未关注社交掌控感或边界维护。",
      "爱家人": "未提及家庭成员或家庭关系。",
      "原谅": "无关于宽恕他人或自我原谅的内容。",
      "事业成功": "无职业发展或成就目标导向。",
      "擦拭信念": "未涉及信念重塑或理想追求。",
      "追梦无悔": "未体现追梦或不懈努力情境。"
    }
  }
}
2025-05-13 11:48:05,831 - INFO - HTTP Request: POST https://api.moonshot.cn/v1/chat/completions "HTTP/1.1 200 OK"
2025-05-13 11:48:05,832 - WARNING - 原始响应内容: {
  "key": "合集",
  "value": ["个人成长", "积极心态", "我很好"],
  "note": {
    "未选合集及理由": {
      "自信": "虽然句子表达了自我提升，但未直接强调自我信任或能力肯定。",
      "艰难时刻": "语句不涉及自我安抚或情绪困境的接纳。",
      "平静内心": "不符合寻找心理宁静的需求。",
      "抗击抑郁": "语句未聚焦低落情绪的恢复。",
      "心碎疗愈": "无情感伤害或关系修复内容。",
      "自我关怀": "无直接关于滋养自我的表达。",
      "减压放松": "未体现压力释放或当下放松意图。",
      "感恩练习": "不涉及感恩或资源觉察内容。",
      "爱我的身体": "无身体相关的觉察或积极接纳表达。",
      "爱自己": "未明确传达无条件自我认同。",
      "自尊心": "未强调自身价值体系的稳固。",
      "愉悦心情": "不涉及日常愉悦感知。",
      "焕发生命力": "未关注唤醒内在活力或潜能。",
      "点燃动力": "不涉及突破行动瓶颈或意志召唤。",
      "拥抱女性身份": "无女性身份相关内容。",
      "女性力量": "未涉及抗争/主权意识建构。",
      "亲密关系": "语句未指向关系修复或信任建设。",
      "人际交往": "未关注社交掌控感或边界维护。",
      "爱家人": "未提及家庭成员或家庭关系。",
      "原谅": "无关于宽恕他人或自我原谅的内容。",
      "事业成功": "无职业发展或成就目标导向。",
      "擦拭信念": "未涉及信念重塑或理想追求。",
      "追梦无悔": "未体现追梦或不懈努力情境。"
    }
  }
}
2025-05-13 11:48:05,908 - INFO - HTTP Request: POST https://api.moonshot.cn/v1/chat/completions "HTTP/1.1 200 OK"
2025-05-13 11:48:05,910 - WARNING - 原始响应内容: {
  "key": "合集",
  "value": ["平静内心", "减压放松"],
  "note": {
    "未选合集及理由": {
      "个人成长": "语句未涉及个人发展或学习进步。",
      "自信": "未强调自我信任或能力肯定。",
      "艰难时刻": "语句不涉及自我安抚或情绪困境的接纳。",
      "抗击抑郁": "语句未聚焦低落情绪的恢复。",
      "心碎疗愈": "无情感伤害或关系修复内容。",
      "自我关怀": "未体现自我滋养或关怀行为。",
      "感恩练习": "不涉及感恩或资源觉察内容。",
      "爱我的身体": "无身体相关的觉察或积极接纳表达。",
      "爱自己": "未明确传达无条件自我认同。",
      "自尊心": "未强调自身价值体系的稳固。",
      "我很好": "不涉及自我状态的简单确认。",
      "积极心态": "未强调乐观思维或积极感知。",
      "愉悦心情": "不涉及日常愉悦感知。",
      "焕发生命力": "未关注唤醒内在活力或潜能。",
      "点燃动力": "不涉及突破行动瓶颈或意志召唤。",
      "拥抱女性身份": "无女性身份相关内容。",
      "女性力量": "未涉及抗争/主权意识建构。",
      "亲密关系": "语句未指向关系修复或信任建设。",
      "人际交往": "未关注社交掌控感或边界维护。",
      "爱家人": "未提及家庭成员或家庭关系。",
      "原谅": "无关于宽恕他人或自我原谅的内容。",
      "事业成功": "无职业发展或成就目标导向。",
      "擦拭信念": "未涉及信念重塑或理想追求。",
      "追梦无悔": "未体现追梦或不懈努力情境。"
    }
  }
}
2025-05-13 11:48:06,020 - INFO - HTTP Request: POST https://api.moonshot.cn/v1/chat/completions "HTTP/1.1 200 OK"
2025-05-13 11:48:06,021 - WARNING - 原始响应内容: {
  "key": "合集",
  "value": ["平静内心"],
  "note": {
    "未选合集及理由": {
      "艰难时刻": "语句不涉及自我安抚或情绪困境的接纳。",
      "抗击抑郁": "语句未聚焦低落情绪的恢复。",
      "心碎疗愈": "无情感伤害或关系修复内容。",
      "自我关怀": "未体现自我滋养或自我照顾的意图。",
      "减压放松": "未体现压力释放或当下放松意图。",
      "感恩练习": "不涉及感恩或资源觉察内容。",
      "爱我的身体": "无身体相关的觉察或积极接纳表达。",
      "爱自己": "未明确传达无条件自我认同。",
      "自尊心": "未强调自身价值体系的稳固。",
      "我很好": "不涉及自我状态的简单确认。",
      "积极心态": "未强调乐观思维或积极感知。",
      "愉悦心情": "不涉及日常愉悦感知。",
      "焕发生命力": "未关注唤醒内在活力或潜能。",
      "点燃动力": "不涉及突破行动瓶颈或意志召唤。",
      "拥抱女性身份": "无女性身份相关内容。",
      "女性力量": "未涉及抗争/主权意识建构。",
      "亲密关系": "语句未指向关系修复或信任建设。",
      "人际交往": "未关注社交掌控感或边界维护。",
      "爱家人": "未提及家庭成员或家庭关系。",
      "原谅": "无关于宽恕他人或自我原谅的内容。",
      "个人成长": "未涉及成长或进步的自我反思。",
      "事业成功": "无职业发展或成就目标导向。",
      "擦拭信念": "未涉及信念重塑或理想追求。",
      "追梦无悔": "未体现追梦或不懈努力情境。"
    }
  }
}
2025-05-13 11:48:07,762 - INFO - HTTP Request: POST https://api.moonshot.cn/v1/chat/completions "HTTP/1.1 200 OK"
2025-05-13 11:48:07,763 - WARNING - 原始响应内容: {
    "key": "感情状况",
    "value": ["正在恋爱", "处在一段艰难的亲密关系中", "快乐地单身着", "单身但准备好了开始新的恋情"],
    "note": "最近刚分手和有点辛苦的暗恋的情况可能需要更多的情感支持和疗愈，而不是关于休息和继续前行的肯定语。"
}
2025-05-13 11:48:08,957 - INFO - HTTP Request: POST https://api.moonshot.cn/v1/chat/completions "HTTP/1.1 200 OK"
2025-05-13 11:48:08,958 - WARNING - 原始响应内容: {
    "key": "感情状况",
    "value": ["正在恋爱", "快乐地单身着", "单身但准备好了开始新的恋情"],
    "note": "不放'最近刚分手'和'处在一段艰难的亲密关系中'的理由是，这句话强调的是个人状态的积极肯定，而'最近刚分手'和'处在一段艰难的亲密关系中'的用户可能更需要的是情感疗愈和关系改善的鼓励，而不是强调当前状态的最好版本。不放'有点辛苦的暗恋'的理由是，这句话没有直接关联到暗恋的情感状态，而是更侧重于个人自我肯定，因此不是最佳适配。"
}
2025-05-13 11:48:09,070 - INFO - HTTP Request: POST https://api.moonshot.cn/v1/chat/completions "HTTP/1.1 200 OK"
2025-05-13 11:48:09,071 - WARNING - 原始响应内容: {
    "key": "感情状况",
    "value": ["正在恋爱", "快乐地单身着", "单身但准备好了开始新的恋情"],
    "note": "不放'最近刚分手'和'处在一段艰难的亲密关系中'的理由是，这句话强调的是个人成长和自我提升，而这两个状态更关注于情感上的失落和关系中的矛盾。不放'有点辛苦的暗恋'的理由是，这句话没有直接涉及到人际交往或勇气，而是更侧重于个人成长。"
}
2025-05-13 11:48:09,368 - INFO - HTTP Request: POST https://api.moonshot.cn/v1/chat/completions "HTTP/1.1 200 OK"
2025-05-13 11:48:09,370 - WARNING - 原始响应内容: {
    "key": "感情状况",
    "value": ["正在恋爱", "快乐地单身着", "单身但准备好了开始新的恋情"],
    "note": "不放'最近刚分手'和'处在一段艰难的亲密关系中'的原因是，这些状态通常涉及情感的波动和不安，而自我肯定语强调的是内心的平静和安宁。不放'有点辛苦的暗恋'的原因是，这种状态通常涉及内心的挣扎和不安，与自我肯定语的平静和安宁相矛盾。"
}
2025-05-13 11:48:09,622 - INFO - HTTP Request: POST https://api.moonshot.cn/v1/chat/completions "HTTP/1.1 200 OK"
2025-05-13 11:48:09,622 - WARNING - 原始响应内容: {
    "key": "感情状况",
    "value": ["正在恋爱", "快乐地单身着", "单身但准备好了开始新的恋情"],
    "note": "不放'最近刚分手'和'处在一段艰难的亲密关系中'的理由是，这些状态中的用户可能需要更多的情感支持和疗愈，而这句话更多地体现了一种自我照顾和享受宁静的状态，与他们当前的需求不完全匹配。不放'有点辛苦的暗恋'的理由是，这句话没有直接涉及到人际交往或勇气表达，而是更多关注于个人的内心平静和自我照顾。"
}
2025-05-13 11:48:10,506 - INFO - HTTP Request: POST https://api.moonshot.cn/v1/chat/completions "HTTP/1.1 200 OK"
2025-05-13 11:48:10,507 - WARNING - 原始响应内容: {
    "最近的感觉": ["一般", "不好", "糟糕"],
    "什么让你有这种感觉": ["健康", "自己"],
    "note": "该自我肯定语强调适当的休息，适合情感状态为一般、不好和糟糕的用户。它没有明确提及家庭、朋友、工作、感情或学业，因此这些标签不适用。"
}
2025-05-13 11:48:11,953 - INFO - HTTP Request: POST https://api.moonshot.cn/v1/chat/completions "HTTP/1.1 200 OK"
2025-05-13 11:48:11,954 - WARNING - 原始响应内容: {
    "最近的感觉": ["开心", "很好", "一般"],
    "什么让你有这种感觉": ["自己"],
    "note": "该自我肯定语表达了个人成长和自信，适合推送给感觉开心、很好和一般的用户。句子没有涉及家庭、朋友、工作、健康、感情和学业等外部因素，所以只选择了'自己'标签。"
}
2025-05-13 11:48:12,096 - INFO - HTTP Request: POST https://api.moonshot.cn/v1/chat/completions "HTTP/1.1 200 OK"
2025-05-13 11:48:12,097 - WARNING - 原始响应内容: {
    "最近的感觉": ["开心", "很好", "一般"],
    "什么让你有这种感觉": ["自己"],
    "note": "该自我肯定语表达了自信和力量感，适合推送给开心、很好和一般情感状态的用户。句子没有涉及家庭、朋友、工作、健康、感情和学业等外部因素，而是强调了自我肯定和自我关怀，因此只选择'自己'标签。"
}
2025-05-13 11:48:12,181 - INFO - HTTP Request: POST https://api.moonshot.cn/v1/chat/completions "HTTP/1.1 200 OK"
2025-05-13 11:48:12,182 - WARNING - 原始响应内容: {
    "最近的感觉": ["很好", "一般"],
    "什么让你有这种感觉": ["自己"],
    "note": "该自我肯定语表达了一种积极的情绪倾向，允许自己享受宁静，适合推送给感觉'很好'和'一般'的用户。句子中没有涉及家庭、朋友、工作、健康、感情和学业等外部因素，而是强调了自我关怀和内心的平和，因此只选择了'自己'这一因素。"
}
2025-05-13 11:48:12,999 - INFO - HTTP Request: POST https://api.moonshot.cn/v1/chat/completions "HTTP/1.1 200 OK"
2025-05-13 11:48:13,000 - WARNING - 原始响应内容: {
    "最近的感觉": ["很好", "一般"],
    "什么让你有这种感觉": ["自己"],
    "note": "自我肯定语表达了平静和安宁的积极情绪，适合推送给'很好'和'一般'情感状态的用户。'开心'情感状态的用户可能更倾向于表达自信、力量感和成就感，而该自我肯定语更偏向于内心的平和。'不好'和'糟糕'情感状态的用户可能需要更多的安慰和支持，而该自我肯定语并没有直接提供这些。"
}
2025-05-13 11:48:19,747 - INFO - HTTP Request: POST https://api.moonshot.cn/v1/chat/completions "HTTP/1.1 200 OK"
2025-05-13 11:48:19,749 - WARNING - 原始响应内容: {
  "key": "合集",
  "value": ["平静内心", "自信"],
  "note": {
    "未选合集及理由": {
      "个人成长": "句子未涉及学习和进步的主题。",
      "艰难时刻": "语句不涉及自我安抚或情绪困境的接纳。",
      "抗击抑郁": "语句未聚焦低落情绪的恢复。",
      "心碎疗愈": "无情感伤害或关系修复内容。",
      "自我关怀": "无直接关于滋养自我的表达。",
      "减压放松": "未体现压力释放或当下放松意图。",
      "感恩练习": "不涉及感恩或资源觉察内容。",
      "爱我的身体": "无身体相关的觉察或积极接纳表达。",
      "爱自己": "未明确传达无条件自我认同。",
      "自尊心": "未强调自身价值体系的稳固。",
      "我很好": "不涉及自我状态的简单确认。",
      "积极心态": "未强调乐观思维或积极感知。",
      "愉悦心情": "不涉及日常愉悦感知。",
      "焕发生命力": "未关注唤醒内在活力或潜能。",
      "点燃动力": "不涉及突破行动瓶颈或意志召唤。",
      "拥抱女性身份": "无女性身份相关内容。",
      "女性力量": "未涉及抗争/主权意识建构。",
      "亲密关系": "语句未指向关系修复或信任建设。",
      "人际交往": "未关注社交掌控感或边界维护。",
      "爱家人": "未提及家庭成员或家庭关系。",
      "原谅": "无关于宽恕他人或自我原谅的内容。",
      "事业成功": "无职业发展或成就目标导向。",
      "擦拭信念": "未涉及信念重塑或理想追求。",
      "追梦无悔": "未体现追梦或不懈努力情境。"
    }
  }
}
2025-05-13 11:48:20,509 - INFO - HTTP Request: POST https://api.moonshot.cn/v1/chat/completions "HTTP/1.1 200 OK"
2025-05-13 11:48:20,511 - WARNING - 原始响应内容: {
  "key": "合集",
  "value": ["自我关怀", "我很好"],
  "note": {
    "未选合集及理由": {
      "艰难时刻": "语句不涉及自我安抚或情绪困境的接纳。",
      "平静内心": "不符合寻找心理宁静的需求。",
      "抗击抑郁": "语句未聚焦低落情绪的恢复。",
      "心碎疗愈": "无情感伤害或关系修复内容。",
      "减压放松": "未体现压力释放或当下放松意图。",
      "感恩练习": "不涉及感恩或资源觉察内容。",
      "爱我的身体": "无身体相关的觉察或积极接纳表达。",
      "爱自己": "未明确传达无条件自我认同。",
      "自尊心": "未强调自身价值体系的稳固。",
      "积极心态": "未强调乐观思维或积极感知。",
      "愉悦心情": "不涉及日常愉悦感知。",
      "焕发生命力": "未关注唤醒内在活力或潜能。",
      "点燃动力": "不涉及突破行动瓶颈或意志召唤。",
      "拥抱女性身份": "无女性身份相关内容。",
      "女性力量": "未涉及抗争/主权意识建构。",
      "亲密关系": "语句未指向关系修复或信任建设。",
      "人际交往": "未关注社交掌控感或边界维护。",
      "爱家人": "未提及家庭成员或家庭关系。",
      "原谅": "无关于宽恕他人或自我原谅的内容。",
      "事业成功": "无职业发展或成就目标导向。",
      "擦拭信念": "未涉及信念重塑或理想追求。",
      "追梦无悔": "未体现追梦或不懈努力情境。"
    }
  }
}
2025-05-13 11:48:21,360 - INFO - HTTP Request: POST https://api.moonshot.cn/v1/chat/completions "HTTP/1.1 200 OK"
2025-05-13 11:48:21,361 - WARNING - 原始响应内容: {
  "key": "合集",
  "value": ["积极心态", "自信"],
  "note": {
    "未选合集及理由": {
      "个人成长": "语句没有直接涉及个人发展或学习进步的内容。",
      "艰难时刻": "语句不涉及自我安抚或情绪困境的接纳。",
      "平静内心": "虽然语句有积极含义，但并未直接指向寻找心理宁静的需求。",
      "抗击抑郁": "语句未聚焦低落情绪的恢复。",
      "心碎疗愈": "无情感伤害或关系修复内容。",
      "自我关怀": "无直接关于滋养自我的表达。",
      "减压放松": "未体现压力释放或当下放松意图。",
      "感恩练习": "不涉及感恩或资源觉察内容。",
      "爱我的身体": "无身体相关的觉察或积极接纳表达。",
      "爱自己": "未明确传达无条件自我认同。",
      "自尊心": "虽然语句有自信的含义，但未强调自身价值体系的稳固。",
      "我很好": "不涉及自我状态的简单确认。",
      "愉悦心情": "不涉及日常愉悦感知。",
      "焕发生命力": "未关注唤醒内在活力或潜能。",
      "点燃动力": "不涉及突破行动瓶颈或意志召唤。",
      "拥抱女性身份": "无女性身份相关内容。",
      "女性力量": "未涉及抗争/主权意识建构。",
      "亲密关系": "语句未指向关系修复或信任建设。",
      "人际交往": "未关注社交掌控感或边界维护。",
      "爱家人": "未提及家庭成员或家庭关系。",
      "原谅": "无关于宽恕他人或自我原谅的内容。",
      "事业成功": "无职业发展或成就目标导向。",
      "擦拭信念": "未涉及信念重塑或理想追求。",
      "追梦无悔": "未体现追梦或不懈努力情境。"
    }
  }
}
2025-05-13 11:48:21,396 - INFO - HTTP Request: POST https://api.moonshot.cn/v1/chat/completions "HTTP/1.1 200 OK"
2025-05-13 11:48:21,397 - WARNING - 原始响应内容: {
  "key": "合集",
  "value": ["感恩练习"],
  "note": {
    "未选合集及理由": {
      "个人成长":"语句未聚焦于个人发展或学习进步。",
      "自信":"未强调自我信任或能力肯定。",
      "艰难时刻": "语句不涉及自我安抚或情绪困境的接纳。",
      "平静内心": "不符合寻找心理宁静的需求。",
      "抗击抑郁": "语句未聚焦低落情绪的恢复。",
      "心碎疗愈": "无情感伤害或关系修复内容。",
      "自我关怀": "无直接关于滋养自我的表达。",
      "减压放松": "未体现压力释放或当下放松意图。",
      "爱我的身体": "无身体相关的觉察或积极接纳表达。",
      "爱自己": "未明确传达无条件自我认同。",
      "自尊心": "未强调自身价值体系的稳固。",
      "我很好": "不涉及自我状态的简单确认。",
      "积极心态": "未强调乐观思维或积极感知。",
      "愉悦心情": "不涉及日常愉悦感知。",
      "焕发生命力": "未关注唤醒内在活力或潜能。",
      "点燃动力": "不涉及突破行动瓶颈或意志召唤。",
      "拥抱女性身份": "无女性身份相关内容。",
      "女性力量": "未涉及抗争/主权意识建构。",
      "亲密关系": "语句未指向关系修复或信任建设。",
      "人际交往": "未关注社交掌控感或边界维护。",
      "爱家人": "未提及家庭成员或家庭关系。",
      "原谅": "无关于宽恕他人或自我原谅的内容。",
      "事业成功": "无职业发展或成就目标导向。",
      "擦拭信念": "未涉及信念重塑或理想追求。",
      "追梦无悔": "未体现追梦或不懈努力情境。"
    }
  }
}
2025-05-13 11:48:22,202 - INFO - HTTP Request: POST https://api.moonshot.cn/v1/chat/completions "HTTP/1.1 200 OK"
2025-05-13 11:48:22,203 - WARNING - 原始响应内容: {
  "key": "合集",
  "value": [
    "个人成长",
    "事业成功",
    "积极心态"
  ],
  "note": {
    "未选合集及理由": {
      "自信": "虽然句子表达了对未来的积极展望，但未直接强调自我信任或能力。",
      "艰难时刻": "语句未涉及面对困难或挑战时的心理支持。",
      "平静内心": "未涉及寻找心理宁静或情绪管理。",
      "抗击抑郁": "未聚焦于对抗负面情绪或重建自我价值感。",
      "心碎疗愈": "无情感伤害或关系修复内容。",
      "自我关怀": "未直接涉及自我滋养或照顾自己的表达。",
      "减压放松": "未体现压力释放或当下放松意图。",
      "感恩练习": "不涉及感恩或资源觉察内容。",
      "爱我的身体": "无身体相关的觉察或积极接纳表达。",
      "爱自己": "未明确传达无条件自我认同。",
      "自尊心": "未强调自身价值体系的稳固。",
      "我很好": "不涉及自我状态的简单确认。",
      "愉悦心情": "不涉及日常愉悦感知。",
      "焕发生命力": "未关注唤醒内在活力或潜能。",
      "点燃动力": "不涉及突破行动瓶颈或意志召唤。",
      "拥抱女性身份": "无女性身份相关内容。",
      "女性力量": "未涉及抗争/主权意识建构。",
      "亲密关系": "语句未指向关系修复或信任建设。",
      "人际交往": "未关注社交掌控感或边界维护。",
      "爱家人": "未提及家庭成员或家庭关系。",
      "原谅": "无关于宽恕他人或自我原谅的内容。",
      "擦拭信念": "未涉及信念重塑或理想追求。",
      "追梦无悔": "未体现追梦或不懈努力情境。"
    }
  }
}
2025-05-13 11:48:22,716 - INFO - HTTP Request: POST https://api.moonshot.cn/v1/chat/completions "HTTP/1.1 200 OK"
2025-05-13 11:48:22,717 - WARNING - 原始响应内容: {
    "key": "感情状况",
    "value": ["正在恋爱", "处在一段艰难的亲密关系中", "快乐地单身着", "单身但准备好了开始新的恋情"],
    "note": "不放'最近刚分手'和'有点辛苦的暗恋'的理由：这句话强调的是在安静中找到力量，并没有直接关联到情感失落或疗愈，也没有涉及人际交往中的主动或勇气，因此不适合最近刚分手和有点辛苦的暗恋的情况。"
}
2025-05-13 11:48:19,134 - INFO - HTTP Request: POST https://api.moonshot.cn/v1/chat/completions "HTTP/1.1 200 OK"
2025-05-13 11:48:19,135 - WARNING - 原始响应内容: {
    "key": "感情状况",
    "value": ["正在恋爱", "处在一段艰难的亲密关系中", "快乐地单身着", "单身但准备好了开始新的恋情", "有点辛苦的暗恋"],
    "note": "这句话强调了自我接纳和真实性，适合于各种感情状态的用户。对于'最近刚分手'的用户来说，虽然这句话也有一定的积极意义，但它并没有直接涉及到情感失落、疗愈或对过去关系的释怀，因此没有选择这个标签。"
}
2025-05-13 11:48:19,564 - INFO - HTTP Request: POST https://api.moonshot.cn/v1/chat/completions "HTTP/1.1 200 OK"
2025-05-13 11:48:19,565 - WARNING - 原始响应内容: {
    "key": "感情状况",
    "value": ["正在恋爱", "快乐地单身着", "单身但准备好了开始新的恋情"],
    "note": "不放'最近刚分手'和'处在一段艰难的亲密关系中'的理由是，这些感情状况的用户可能正经历着情感上的挑战和困难，而这句话更强调对生活的感恩和珍惜，可能不太适合他们当前的情绪状态。不放'有点辛苦的暗恋'的理由是，这句话没有直接涉及到暗恋的情感体验，而是更广泛地表达了对生活的感恩和珍惜。"
}
2025-05-13 11:48:19,944 - INFO - HTTP Request: POST https://api.moonshot.cn/v1/chat/completions "HTTP/1.1 200 OK"
2025-05-13 11:48:19,945 - WARNING - 原始响应内容: {
    "key": "感情状况",
    "value": ["快乐地单身着", "单身但准备好了开始新的恋情"],
    "note": "自我肯定语强调职业探索和可能性，与恋爱状态关系不大，因此不适合'正在恋爱'和'有点辛苦的暗恋'。对于'最近刚分手'和'处在一段艰难的亲密关系中'的用户，该自我肯定语没有直接关联，更多关注职业发展而非感情状态，所以也不适合。"
}
2025-05-13 11:48:20,607 - INFO - HTTP Request: POST https://api.moonshot.cn/v1/chat/completions "HTTP/1.1 200 OK"
2025-05-13 11:48:20,609 - WARNING - 原始响应内容: {
    "最近的感觉": ["一般", "不好", "糟糕"],
    "什么让你有这种感觉": ["自己"],
    "note": "该自我肯定语表达了在安静中找到力量，适合一般、不好和糟糕的情感状态。句子没有涉及家庭、朋友、工作、健康、感情和学业等外部因素，而是强调自我内在的力量，所以选择'自己'作为相关因素。"
}
2025-05-13 11:48:21,107 - INFO - HTTP Request: POST https://api.moonshot.cn/v1/chat/completions "HTTP/1.1 200 OK"
2025-05-13 11:48:21,108 - WARNING - 原始响应内容: {
    "key": "感情状况",
    "value": ["快乐地单身着", "单身但准备好了开始新的恋情"],
    "note": "自我肯定语'我享受清晰思考的每一刻'强调了个人在思考上的积极体验，这与'快乐地单身着'和'单身但准备好了开始新的恋情'的状态相匹配，因为这两种状态都可能涉及到个人成长和积极心态。这句话没有直接涉及恋爱关系，所以不适合'正在恋爱'和'有点辛苦的暗恋'。对于'最近刚分手'和'处在一段艰难的亲密关系中'的用户，这句话可能不会直接触及他们当前的情感需求，因为他们可能更关注情感恢复和关系问题，而不是个人思考的清晰度。"
}
2025-05-13 11:48:21,907 - INFO - HTTP Request: POST https://api.moonshot.cn/v1/chat/completions "HTTP/1.1 200 OK"
2025-05-13 11:48:21,908 - WARNING - 原始响应内容: {
    "最近的感觉": ["很好", "开心"],
    "什么让你有这种感觉": ["自己"],
    "note": "该自我肯定语表达了对生活的感恩和珍惜每一个瞬间的积极情感，因此适合推送给情感状态为'开心'和'很好'的用户。句子中没有提及家庭、朋友、工作、健康、感情或学业相关的内容，所以只选择了'自己'作为相关因素。"
}
2025-05-13 11:48:22,075 - INFO - HTTP Request: POST https://api.moonshot.cn/v1/chat/completions "HTTP/1.1 200 OK"
2025-05-13 11:48:22,077 - WARNING - 原始响应内容: {
    "最近的感觉": ["一般"],
    "什么让你有这种感觉": ["自己"],
    "note": "自我肯定语'我不完美，但我很真实'表达了一种自我接纳的态度，适合情感状态为'一般'的用户。这句话没有明显的负面情感，因此不适合'不好'和'糟糕'。同时，它也没有明显的积极情感，所以不适合'开心'和'很好'。这句话主要与自我认知和自我接纳有关，因此选择了'自己'作为相关因素。"
}
2025-05-13 11:48:23,461 - INFO - HTTP Request: POST https://api.moonshot.cn/v1/chat/completions "HTTP/1.1 200 OK"
2025-05-13 11:48:23,463 - WARNING - 原始响应内容: {
    "最近的感觉": ["很好"],
    "什么让你有这种感觉": ["自己"],
    "note": "该自我肯定语表达了享受清晰思考的积极情绪，与'开心'和'很好'的情感状态相匹配。句子中没有提及家庭、朋友、工作、健康、感情或学业等外部因素，而是强调了自我思考和自我肯定，因此只选择了'自己'作为相关因素。"
}
2025-05-13 11:48:23,571 - INFO - HTTP Request: POST https://api.moonshot.cn/v1/chat/completions "HTTP/1.1 200 OK"
2025-05-13 11:48:23,573 - WARNING - 原始响应内容: {
    "最近的感觉": ["很好"],
    "什么让你有这种感觉": ["工作", "自己"],
    "note": "该自我肯定语表达了对职业探索的积极态度和对未来的乐观期待，符合【很好】的情感倾向。句子中提到了职业探索，与工作相关，所以选择了【工作】标签。同时，句子也体现了自信和自我肯定，与【自己】相关。没有选择【开心】是因为句子更多表达了积极期待而非直接的快乐情绪。【不好】和【糟糕】与句子的积极情感不符，所以没有选择。【家庭】、【健康】、【感情】和【学业】与句子内容无关，也没有选择。"
}
