2025-05-13 16:48:28,994 - INFO - HTTP Request: POST https://api.moonshot.cn/v1/chat/completions "HTTP/1.1 200 OK"
2025-05-13 16:48:29,000 - WARNING - 原始响应内容: {
  "key": "合集",
  "value": ["自我关怀", "勇气"],
  "note": {
    "未选合集及理由": {
      "艰难时刻": "语句不涉及自我安抚或情绪困境的接纳。",
      "平静内心": "不符合寻找心理宁静的需求。",
      "抗击抑郁": "语句未聚焦低落情绪的恢复。",
      "心碎疗愈": "无情感伤害或关系修复内容。",
      "感恩练习": "不涉及感恩或资源觉察内容。",
      "爱我的身体": "无身体相关的觉察或积极接纳表达。",
      "爱自己": "未明确传达无条件自我认同。",
      "自尊心": "未强调自身价值体系的稳固。",
      "我很好": "不涉及自我状态的简单确认。",
      "积极心态": "未强调乐观思维或积极感知。",
      "愉悦心情": "不涉及日常愉悦感知。",
      "焕发生命力": "未关注唤醒内在活力或潜能。",
      "点燃动力": "不涉及突破行动瓶颈或意志召唤。",
      "拥抱女性身份": "无女性身份相关内容。",
      "女性力量": "未涉及抗争/主权意识建构。",
      "亲密关系": "语句未指向关系修复或信任建设。",
      "人际交往": "未关注社交掌控感或边界维护。",
      "爱家人": "未提及家庭成员或家庭关系。",
      "原谅": "无关于宽恕他人或自我原谅的内容。",
      "事业成功": "无职业发展或成就目标导向。",
      "擦拭信念": "未涉及信念重塑或理想追求。",
      "追梦无悔": "未体现追梦或不懈努力情境。"
    }
  }
}
2025-05-13 16:48:29,824 - INFO - HTTP Request: POST https://api.moonshot.cn/v1/chat/completions "HTTP/1.1 200 OK"
2025-05-13 16:48:29,825 - WARNING - 原始响应内容: {
  "key": "合集",
  "value": ["平静内心", "自我关怀", "勇气"],
  "note": {
    "未选合集及理由": {
      "艰难时刻": "语句不涉及自我安抚或情绪困境的接纳。",
      "抗击抑郁": "语句未聚焦低落情绪的恢复。",
      "心碎疗愈": "无情感伤害或关系修复内容。",
      "自我关怀": "虽然提到了疗愈，但更侧重于当下的行动和勇气，而非长期的自我关怀。",
      "减压放松": "未体现压力释放或当下放松意图。",
      "感恩练习": "不涉及感恩或资源觉察内容。",
      "爱我的身体": "无身体相关的觉察或积极接纳表达。",
      "爱自己": "未明确传达无条件自我认同。",
      "自尊心": "未强调自身价值体系的稳固。",
      "我很好": "不涉及自我状态的简单确认。",
      "积极心态": "未强调乐观思维或积极感知。",
      "愉悦心情": "不涉及日常愉悦感知。",
      "焕发生命力": "未关注唤醒内在活力或潜能。",
      "点燃动力": "不涉及突破行动瓶颈或意志召唤。",
      "拥抱女性身份": "无女性身份相关内容。",
      "女性力量": "未涉及抗争/主权意识建构。",
      "亲密关系": "语句未指向关系修复或信任建设。",
      "人际交往": "未关注社交掌控感或边界维护。",
      "爱家人": "未提及家庭成员或家庭关系。",
      "原谅": "无关于宽恕他人或自我原谅的内容。",
      "事业成功": "无职业发展或成就目标导向。",
      "擦拭信念": "未涉及信念重塑或理想追求。",
      "追梦无悔": "未体现追梦或不懈努力情境。"
    }
  }
}
2025-05-13 16:48:29,935 - INFO - HTTP Request: POST https://api.moonshot.cn/v1/chat/completions "HTTP/1.1 200 OK"
2025-05-13 16:48:29,936 - WARNING - 原始响应内容: {
  "key": "合集",
  "value": [
    "抗击抑郁",
    "自我关怀",
    "平静内心"
  ],
  "note": {
    "未选合集及理由": {
      "艰难时刻": "语句未强调坚韧或逆境中的希望，而是关注自我愈合。",
      "心碎疗愈": "未涉及情感创伤或关系修复内容。",
      "自我关怀": "虽然涉及自我关怀，但更侧重于自我愈合，因此归入更具体的类别。",
      "减压放松": "未体现压力释放或当下放松意图。",
      "感恩练习": "不涉及感恩或资源觉察内容。",
      "爱我的身体": "无身体相关的觉察或积极接纳表达。",
      "爱自己": "未明确传达无条件自我认同。",
      "自尊心": "未强调自身价值体系的稳固。",
      "我很好": "不涉及自我状态的简单确认。",
      "积极心态": "未强调乐观思维或积极感知。",
      "愉悦心情": "不涉及日常愉悦感知。",
      "焕发生命力": "未关注唤醒内在活力或潜能。",
      "点燃动力": "不涉及突破行动瓶颈或意志召唤。",
      "拥抱女性身份": "无女性身份相关内容。",
      "女性力量": "未涉及抗争/主权意识建构。",
      "亲密关系": "语句未指向关系修复或信任建设。",
      "人际交往": "未关注社交掌控感或边界维护。",
      "爱家人": "未提及家庭成员或家庭关系。",
      "原谅": "无关于宽恕他人或自我原谅的内容。",
      "事业成功": "无职业发展或成就目标导向。",
      "擦拭信念": "未涉及信念重塑或理想追求。",
      "追梦无悔": "未体现追梦或不懈努力情境。",
      "勇气": "未强调面对挑战时的勇气召唤。"
    }
  }
}
2025-05-13 16:48:31,519 - INFO - HTTP Request: POST https://api.moonshot.cn/v1/chat/completions "HTTP/1.1 200 OK"
2025-05-13 16:48:31,522 - WARNING - 原始响应内容: {
    "key": "感情状况",
    "value": ["正在恋爱", "最近刚分手", "处在一段艰难的亲密关系中", "快乐地单身着", "单身但准备好了开始新的恋情"],
    "note": "该自我肯定语强调个人治愈和自我肯定，适用于多种感情状况。'有点辛苦的暗恋'不包括在内，因为该标签更侧重于人际交往和勇气，而该自我肯定语更多关注自我治愈和内在力量。"
}
2025-05-13 16:48:31,933 - INFO - HTTP Request: POST https://api.moonshot.cn/v1/chat/completions "HTTP/1.1 200 OK"
2025-05-13 16:48:31,934 - WARNING - 原始响应内容: {
    "key": "感情状况",
    "value": ["最近刚分手"],
    "note": "这句自我肯定语强调了疗愈和放下过去，适合最近刚分手的用户。而其他感情状况如正在恋爱、处在一段艰难的亲密关系中、快乐地单身着、单身但准备好了开始新的恋情，都与放下过去、疗愈的语境不太相关。"
}
2025-05-13 16:48:32,723 - INFO - HTTP Request: POST https://api.moonshot.cn/v1/chat/completions "HTTP/1.1 200 OK"
2025-05-13 16:48:32,724 - WARNING - 原始响应内容: {
    "key": "感情状况",
    "value": ["最近刚分手", "处在一段艰难的亲密关系中", "有点辛苦的暗恋"],
    "note": "不放'正在恋爱'和'快乐地单身着'的理由是，该自我肯定语强调的是脆弱时的自我愈合力量，与正在恋爱和快乐地单身着的积极情感状态不太相关。不放'单身但准备好了开始新的恋情'的理由是，该自我肯定语更多关注自我愈合，而该状态更多关注对新恋情的期待和准备。"
}
2025-05-13 16:48:33,404 - INFO - HTTP Request: POST https://api.moonshot.cn/v1/chat/completions "HTTP/1.1 200 OK"
2025-05-13 16:48:33,405 - WARNING - 原始响应内容: {
    "最近的感觉": ["不好", "糟糕"],
    "什么让你有这种感觉": ["自己"],
    "note": "该自我肯定语强调个人自我治愈的能力，因此与'自己'相关。由于句子中没有提到家庭、朋友、工作、健康、感情或学业的具体内容，所以不选择其他标签。"
}
2025-05-13 16:48:34,534 - INFO - HTTP Request: POST https://api.moonshot.cn/v1/chat/completions "HTTP/1.1 200 OK"
2025-05-13 16:48:34,535 - WARNING - 原始响应内容: {
    "最近的感觉": ["不好", "糟糕"],
    "什么让你有这种感觉": ["健康", "自己"],
    "note": "不放'开心'和'很好'的理由是该自我肯定语涉及疗愈和暂停追忆，情感倾向偏向于需要安慰和支持，与'开心'和'很好'的积极情绪不符；不放'家庭'、'朋友'、'工作'、'感情'、'学业'的理由是句子中没有明确提及这些因素。"
}
2025-05-13 16:48:35,365 - INFO - HTTP Request: POST https://api.moonshot.cn/v1/chat/completions "HTTP/1.1 200 OK"
2025-05-13 16:48:35,366 - WARNING - 原始响应内容: {
    "最近的感觉": ["不好", "糟糕"],
    "什么让你有这种感觉": ["健康", "自己"],
    "note": "不放'开心'和'很好'的理由是该自我肯定语强调了脆弱和自我愈合，与积极情绪的'开心'和'很好'不匹配；不放'家庭'、'朋友'、'工作'、'感情'和'学业'的理由是因为句子中没有明确提及这些因素，而是更多关注个人的感受和自我愈合力量。"
}
