2025-05-13 16:17:26,286 - INFO - HTTP Request: POST https://api.moonshot.cn/v1/chat/completions "HTTP/1.1 200 OK"
2025-05-13 16:17:26,293 - WARNING - 原始响应内容: {
  "key": "合集",
  "value": ["自尊心", "爱自己"],
  "note": {
    "未选合集及理由": {
      "艰难时刻": "语句不涉及自我安抚或情绪困境的接纳。",
      "平静内心": "不符合寻找心理宁静的需求。",
      "抗击抑郁": "语句未聚焦低落情绪的恢复。",
      "心碎疗愈": "无情感伤害或关系修复内容。",
      "自我关怀": "无直接关于滋养自我的表达。",
      "减压放松": "未体现压力释放或当下放松意图。",
      "感恩练习": "不涉及感恩或资源觉察内容。",
      "爱我的身体": "无身体相关的觉察或积极接纳表达。",
      "我很好": "不涉及自我状态的简单确认。",
      "积极心态": "未强调乐观思维或积极感知。",
      "愉悦心情": "不涉及日常愉悦感知。",
      "焕发生命力": "未关注唤醒内在活力或潜能。",
      "点燃动力": "不涉及突破行动瓶颈或意志召唤。",
      "拥抱女性身份": "无女性身份相关内容。",
      "女性力量": "未涉及抗争/主权意识建构。",
      "亲密关系": "语句未指向关系修复或信任建设。",
      "人际交往": "未关注社交掌控感或边界维护。",
      "爱家人": "未提及家庭成员或家庭关系。",
      "原谅": "无关于宽恕他人或自我原谅的内容。",
      "事业成功": "无职业发展或成就目标导向。",
      "擦拭信念": "未涉及信念重塑或理想追求。",
      "追梦无悔": "未体现追梦或不懈努力情境。"
    }
  }
}
2025-05-13 16:17:26,760 - INFO - HTTP Request: POST https://api.moonshot.cn/v1/chat/completions "HTTP/1.1 200 OK"
2025-05-13 16:17:26,762 - WARNING - 原始响应内容: {
  "key": "合集",
  "value": ["自我关怀", "减压放松", "爱我的身体", "我很好"],
  "note": {
    "未选合集及理由": {
      "艰难时刻": "语句不涉及自我安抚或情绪困境的接纳。",
      "平静内心": "不符合寻找心理宁静的需求。",
      "抗击抑郁": "语句未聚焦低落情绪的恢复。",
      "心碎疗愈": "无情感伤害或关系修复内容。",
      "人际交往": "未关注社交掌控感或边界维护。",
      "拥抱女性身份": "无女性身份相关内容。",
      "女性力量": "未涉及抗争/主权意识建构。",
      "亲密关系": "语句未指向关系修复或信任建设。",
      "爱家人": "未提及家庭成员或家庭关系。",
      "原谅": "无关于宽恕他人或自我原谅的内容。",
      "个人成长": "未强调学习和进步的自我提升。",
      "事业成功": "无职业发展或成就目标导向。",
      "擦拭信念": "未涉及信念重塑或理想追求。",
      "追梦无悔": "未体现追梦或不懈努力情境。",
      "积极心态": "未强调乐观思维或积极感知。",
      "愉悦心情": "不涉及日常愉悦感知。",
      "焕发生命力": "未关注唤醒内在活力或潜能。",
      "点燃动力": "不涉及突破行动瓶颈或意志召唤。",
      "自信": "未强调自身价值体系的稳固。",
      "自尊心": "未强调自身价值体系的稳固。"
    }
  }
}
2025-05-13 16:17:27,476 - INFO - HTTP Request: POST https://api.moonshot.cn/v1/chat/completions "HTTP/1.1 200 OK"
2025-05-13 16:17:27,477 - WARNING - 原始响应内容: {
  "key": "合集",
  "value": ["亲密关系", "人际交往", "个人成长"],
  "note": {
    "未选合集及理由": {
      "艰难时刻": "语句不涉及自我安抚或情绪困境的接纳。",
      "平静内心": "不符合寻找心理宁静的需求。",
      "抗击抑郁": "语句未聚焦低落情绪的恢复。",
      "心碎疗愈": "无情感伤害或关系修复内容。",
      "自我关怀": "无直接关于滋养自我的表达。",
      "减压放松": "未体现压力释放或当下放松意图。",
      "感恩练习": "不涉及感恩或资源觉察内容。",
      "爱我的身体": "无身体相关的觉察或积极接纳表达。",
      "爱自己": "未明确传达无条件自我认同。",
      "自尊心": "未强调自身价值体系的稳固。",
      "我很好": "不涉及自我状态的简单确认。",
      "积极心态": "未强调乐观思维或积极感知。",
      "愉悦心情": "不涉及日常愉悦感知。",
      "焕发生命力": "未关注唤醒内在活力或潜能。",
      "点燃动力": "不涉及突破行动瓶颈或意志召唤。",
      "拥抱女性身份": "无女性身份相关内容。",
      "女性力量": "未涉及抗争/主权意识建构。",
      "爱家人": "未提及家庭成员或家庭关系。",
      "原谅": "无关于宽恕他人或自我原谅的内容。",
      "事业成功": "无职业发展或成就目标导向。",
      "擦拭信念": "未涉及信念重塑或理想追求。",
      "追梦无悔": "未体现追梦或不懈努力情境。"
    }
  }
}
2025-05-13 16:17:27,770 - INFO - HTTP Request: POST https://api.moonshot.cn/v1/chat/completions "HTTP/1.1 200 OK"
2025-05-13 16:17:27,771 - WARNING - 原始响应内容: {
  "key": "合集",
  "value": ["平静内心", "自我关怀", "我很好"],
  "note": {
    "未选合集及理由": {
      "个人成长": "语句没有强调学习和进步。",
      "自信": "未强调自我信任或面对挑战的能力。",
      "艰难时刻": "语句不涉及自我安抚或情绪困境的接纳。",
      "抗击抑郁": "语句未聚焦低落情绪的恢复。",
      "心碎疗愈": "无情感伤害或关系修复内容。",
      "减压放松": "未体现压力释放或当下放松意图。",
      "感恩练习": "不涉及感恩或资源觉察内容。",
      "爱我的身体": "无身体相关的觉察或积极接纳表达。",
      "爱自己": "未明确传达无条件自我认同。",
      "自尊心": "未强调自身价值体系的稳固。",
      "积极心态": "未强调乐观思维或积极感知。",
      "愉悦心情": "不涉及日常愉悦感知。",
      "焕发生命力": "未关注唤醒内在活力或潜能。",
      "点燃动力": "不涉及突破行动瓶颈或意志召唤。",
      "拥抱女性身份": "无女性身份相关内容。",
      "女性力量": "未涉及抗争/主权意识建构。",
      "亲密关系": "语句未指向关系修复或信任建设。",
      "人际交往": "未关注社交掌控感或边界维护。",
      "爱家人": "未提及家庭成员或家庭关系。",
      "原谅": "无关于宽恕他人或自我原谅的内容。",
      "事业成功": "无职业发展或成就目标导向。",
      "擦拭信念": "未涉及信念重塑或理想追求。",
      "追梦无悔": "未体现追梦或不懈努力情境。"
    }
  }
}
2025-05-13 16:17:27,842 - INFO - HTTP Request: POST https://api.moonshot.cn/v1/chat/completions "HTTP/1.1 200 OK"
2025-05-13 16:17:27,843 - WARNING - 原始响应内容: {
  "key": "合集",
  "value": ["个人成长", "积极心态", "追梦无悔"],
  "note": {
    "未选合集及理由": {
      "艰难时刻": "语句不涉及自我安抚或情绪困境的接纳。",
      "平静内心": "不符合寻找心理宁静的需求。",
      "抗击抑郁": "语句未聚焦低落情绪的恢复。",
      "心碎疗愈": "无情感伤害或关系修复内容。",
      "自我关怀": "无直接关于滋养自我的表达。",
      "减压放松": "未体现压力释放或当下放松意图。",
      "感恩练习": "不涉及感恩或资源觉察内容。",
      "爱我的身体": "无身体相关的觉察或积极接纳表达。",
      "爱自己": "未明确传达无条件自我认同。",
      "自尊心": "未强调自身价值体系的稳固。",
      "我很好": "不涉及自我状态的简单确认。",
      "愉悦心情": "不涉及日常愉悦感知。",
      "焕发生命力": "未关注唤醒内在活力或潜能。",
      "点燃动力": "不涉及突破行动瓶颈或意志召唤。",
      "拥抱女性身份": "无女性身份相关内容。",
      "女性力量": "未涉及抗争/主权意识建构。",
      "亲密关系": "语句未指向关系修复或信任建设。",
      "人际交往": "未关注社交掌控感或边界维护。",
      "爱家人": "未提及家庭成员或家庭关系。",
      "原谅": "无关于宽恕他人或自我原谅的内容。",
      "事业成功": "无职业发展或成就目标导向。",
      "擦拭信念": "未涉及信念重塑或理想追求。",
      "勇气": "未强调面对挑战时的勇气召唤。"
    }
  }
}
2025-05-13 16:17:28,966 - INFO - HTTP Request: POST https://api.moonshot.cn/v1/chat/completions "HTTP/1.1 200 OK"
2025-05-13 16:17:28,967 - WARNING - 原始响应内容: {
    "key": "感情状况",
    "value": ["正在恋爱", "处在一段艰难的亲密关系中", "快乐地单身着", "单身但准备好了开始新的恋情"],
    "note": "不放'最近刚分手'和'有点辛苦的暗恋'的理由：自我肯定语强调自尊自爱与他人无关，更适用于强调自我价值和独立性的场景。'最近刚分手'和'有点辛苦的暗恋'更多涉及对过去关系的反思和疗愈，与自我肯定语的侧重点不完全匹配。"
}
2025-05-13 16:17:29,494 - INFO - HTTP Request: POST https://api.moonshot.cn/v1/chat/completions "HTTP/1.1 200 OK"
2025-05-13 16:17:29,495 - WARNING - 原始响应内容: {
    "key": "感情状况",
    "value": ["快乐地单身着"],
    "note": "这句话强调了自我照顾和自我爱护的重要性，适合快乐地单身着的用户，因为他们享受独处和自我成长。对于正在恋爱的用户来说，这句话可能不太相关，因为他们的关注点可能更多在于伴侣和关系。对于最近刚分手、处在一段艰难的亲密关系中、单身但准备好了开始新的恋情的用户，这句话没有直接涉及到他们当前的感情状态和需求，因此不太适合。对于有点辛苦的暗恋的用户，这句话没有提供他们在人际关系上需要的勇气和主动性，所以也不太适合。"
}
2025-05-13 16:17:30,619 - INFO - HTTP Request: POST https://api.moonshot.cn/v1/chat/completions "HTTP/1.1 200 OK"
2025-05-13 16:17:30,620 - WARNING - 原始响应内容: {
    "key": "感情状况",
    "value": ["最近刚分手", "处在一段艰难的亲密关系中"],
    "note": "这句自我肯定语强调个人经历的疗愈作用，适合那些经历过情感挫折、需要疗愈的用户。'正在恋爱'和'快乐地单身着'的用户可能不太需要这种疗愈；'单身但准备好了开始新的恋情'的用户虽然单身，但心态积极，可能不太需要疗愈。'有点辛苦的暗恋'的用户虽然经历暗恋的辛苦，但这句自我肯定语更多强调疗愈他人，与暗恋者的需求不完全匹配。"
}
2025-05-13 16:17:30,689 - INFO - HTTP Request: POST https://api.moonshot.cn/v1/chat/completions "HTTP/1.1 200 OK"
2025-05-13 16:17:30,689 - WARNING - 原始响应内容: {
    "key": "感情状况",
    "value": ["正在恋爱", "处在一段艰难的亲密关系中", "最近刚分手", "单身但准备好了开始新的恋情"],
    "note": "这句自我肯定语适合那些需要理性面对自己感受的情况，因此适合正在恋爱中的人、处在艰难关系中的人、刚经历分手的人以及准备开始新恋情的人。对于快乐地单身着的人和有点辛苦的暗恋的人来说，这句话可能不完全适用，因为他们可能更需要的是享受单身或勇敢表达爱意，而不是理性面对感受。"
}
2025-05-13 16:17:30,697 - INFO - HTTP Request: POST https://api.moonshot.cn/v1/chat/completions "HTTP/1.1 200 OK"
2025-05-13 16:17:30,698 - WARNING - 原始响应内容: {
    "key": "感情状况",
    "value": ["快乐地单身着", "单身但准备好了开始新的恋情"],
    "note": "自我肯定语'我的学习之旅充满希望'强调个人成长和学习，与'正在恋爱'、'最近刚分手'、'处在一段艰难的亲密关系中'和'有点辛苦的暗恋'这些感情状态的关联性不强。这句话更多地关注个人发展和积极心态，因此更适合'快乐地单身着'和'单身但准备好了开始新的恋情'这两种感情状况。"
}
2025-05-13 16:17:30,979 - INFO - HTTP Request: POST https://api.moonshot.cn/v1/chat/completions "HTTP/1.1 200 OK"
2025-05-13 16:17:30,980 - WARNING - 原始响应内容: {
    "最近的感觉": ["很好", "一般"],
    "什么让你有这种感觉": ["自己"],
    "note": "自我肯定语强调自尊自爱，与他人无关，更符合积极情绪和中性情绪，所以不适合不好和糟糕的情感状态。同时，句子没有提及家庭、朋友、工作、健康、感情、学业等外部因素，所以只选择与自我相关的标签。"
}
2025-05-13 16:17:32,709 - INFO - HTTP Request: POST https://api.moonshot.cn/v1/chat/completions "HTTP/1.1 200 OK"
2025-05-13 16:17:32,710 - WARNING - 原始响应内容: {
    "最近的感觉": ["很好", "一般"],
    "什么让你有这种感觉": ["自己"],
    "note": "该自我肯定语表达了一种积极的生活态度，鼓励人们在忙碌的生活中偶尔放松，对自己好一点，因此更符合'很好'和'一般'的情感状态。'不好'和'糟糕'的情感状态通常需要更多的安慰和支持，而这句话更多是鼓励和自我关怀，所以不放'不好'和'糟糕'。这句话没有涉及家庭、朋友、工作、健康、感情或学业等外部因素，而是强调自我关爱，所以只选择'自己'作为相关因素。"
}
2025-05-13 16:17:32,887 - INFO - HTTP Request: POST https://api.moonshot.cn/v1/chat/completions "HTTP/1.1 200 OK"
2025-05-13 16:17:32,888 - WARNING - 原始响应内容: {
    "最近的感觉": ["开心", "很好"],
    "什么让你有这种感觉": ["学业"],
    "note": "该自我肯定语表达了学习过程中的积极情绪和希望，与开心和很好的情感状态相匹配。句子中没有提及家庭、朋友、工作、健康、感情等其他因素，因此只选择学业标签。"
}
2025-05-13 16:17:33,030 - INFO - HTTP Request: POST https://api.moonshot.cn/v1/chat/completions "HTTP/1.1 200 OK"
2025-05-13 16:17:33,032 - WARNING - 原始响应内容: {
    "最近的感觉": ["一般", "不好", "糟糕"],
    "什么让你有这种感觉": ["自己"],
    "note": "该自我肯定语表达了理性面对自己的感受，适合一般、不好和糟糕的情感状态。句子没有明确提及家庭、朋友、工作、健康、感情、学业等具体因素，因此选择'自己'作为相关因素。"
}
2025-05-13 16:17:33,041 - INFO - HTTP Request: POST https://api.moonshot.cn/v1/chat/completions "HTTP/1.1 200 OK"
2025-05-13 16:17:33,042 - WARNING - 原始响应内容: {
    "最近的感觉": ["很好", "一般"],
    "什么让你有这种感觉": ["自己"],
    "note": "该自我肯定语表达了一种积极的情感倾向，愿意用自己的经历去疗愈他人，因此更适合情感状态为'很好'和'一般'的用户。句子中没有提到家庭、朋友、工作、健康、感情或学业相关的内容，所以这些标签都不适用。"
}
2025-05-13 16:17:40,382 - INFO - HTTP Request: POST https://api.moonshot.cn/v1/chat/completions "HTTP/1.1 200 OK"
2025-05-13 16:17:40,383 - WARNING - 原始响应内容: {
  "key": "合集",
  "value": ["自我关怀", "亲密关系", "人际交往"],
  "note": {
    "未选合集及理由": {
      "艰难时刻": "语句不涉及自我安抚或情绪困境的接纳。",
      "平静内心": "不符合寻找心理宁静的需求。",
      "抗击抑郁": "语句未聚焦低落情绪的恢复。",
      "心碎疗愈": "无情感伤害或关系修复内容。",
      "感恩练习": "不涉及感恩或资源觉察内容。",
      "爱我的身体": "无身体相关的觉察或积极接纳表达。",
      "爱自己": "未明确传达无条件自我认同。",
      "自尊心": "未强调自身价值体系的稳固。",
      "我很好": "不涉及自我状态的简单确认。",
      "积极心态": "未强调乐观思维或积极感知。",
      "愉悦心情": "不涉及日常愉悦感知。",
      "焕发生命力": "未关注唤醒内在活力或潜能。",
      "点燃动力": "不涉及突破行动瓶颈或意志召唤。",
      "拥抱女性身份": "无女性身份相关内容。",
      "女性力量": "未涉及抗争/主权意识建构。",
      "爱家人": "未提及家庭成员或家庭关系。",
      "原谅": "无关于宽恕他人或自我原谅的内容。",
      "事业成功": "无职业发展或成就目标导向。",
      "擦拭信念": "未涉及信念重塑或理想追求。",
      "追梦无悔": "未体现追梦或不懈努力情境。"
    }
  }
}
2025-05-13 16:17:43,067 - INFO - HTTP Request: POST https://api.moonshot.cn/v1/chat/completions "HTTP/1.1 200 OK"
2025-05-13 16:17:43,068 - WARNING - 原始响应内容: {
  "key": "合集",
  "value": ["抗击抑郁", "自我关怀", "自信", "我很好"],
  "note": {
    "未选合集及理由": {
      "艰难时刻": "语句不涉及自我安抚或情绪困境的接纳。",
      "平静内心": "不符合寻找心理宁静的需求。",
      "心碎疗愈": "无情感伤害或关系修复内容。",
      "减压放松": "未体现压力释放或当下放松意图。",
      "感恩练习": "不涉及感恩或资源觉察内容。",
      "爱我的身体": "无身体相关的觉察或积极接纳表达。",
      "爱自己": "未明确传达无条件自我认同。",
      "自尊心": "未强调自身价值体系的稳固。",
      "积极心态": "未强调乐观思维或积极感知。",
      "愉悦心情": "不涉及日常愉悦感知。",
      "焕发生命力": "未关注唤醒内在活力或潜能。",
      "点燃动力": "不涉及突破行动瓶颈或意志召唤。",
      "拥抱女性身份": "无女性身份相关内容。",
      "女性力量": "未涉及抗争/主权意识建构。",
      "亲密关系": "语句未指向关系修复或信任建设。",
      "人际交往": "未关注社交掌控感或边界维护。",
      "爱家人": "未提及家庭成员或家庭关系。",
      "原谅": "无关于宽恕他人或自我原谅的内容。",
      "事业成功": "无职业发展或成就目标导向。",
      "擦拭信念": "未涉及信念重塑或理想追求。",
      "追梦无悔": "未体现追梦或不懈努力情境。"
    }
  }
}
2025-05-13 16:17:43,113 - INFO - HTTP Request: POST https://api.moonshot.cn/v1/chat/completions "HTTP/1.1 200 OK"
2025-05-13 16:17:43,114 - WARNING - 原始响应内容: {
  "key": "合集",
  "value": ["自我关怀", "我很好"],
  "note": {
    "未选合集及理由": {
      "艰难时刻": "语句不涉及自我安抚或情绪困境的接纳。",
      "平静内心": "不符合寻找心理宁静的需求。",
      "抗击抑郁": "语句未聚焦低落情绪的恢复。",
      "心碎疗愈": "无情感伤害或关系修复内容。",
      "减压放松": "未体现压力释放或当下放松意图。",
      "感恩练习": "不涉及感恩或资源觉察内容。",
      "爱我的身体": "无身体相关的觉察或积极接纳表达。",
      "爱自己": "未明确传达无条件自我认同。",
      "自尊心": "未强调自身价值体系的稳固。",
      "积极心态": "未强调乐观思维或积极感知。",
      "愉悦心情": "不涉及日常愉悦感知。",
      "焕发生命力": "未关注唤醒内在活力或潜能。",
      "点燃动力": "不涉及突破行动瓶颈或意志召唤。",
      "拥抱女性身份": "无女性身份相关内容。",
      "女性力量": "未涉及抗争/主权意识建构。",
      "亲密关系": "语句未指向关系修复或信任建设。",
      "人际交往": "未关注社交掌控感或边界维护。",
      "爱家人": "未提及家庭成员或家庭关系。",
      "原谅": "无关于宽恕他人或自我原谅的内容。",
      "事业成功": "无职业发展或成就目标导向。",
      "擦拭信念": "未涉及信念重塑或理想追求。",
      "追梦无悔": "未体现追梦或不懈努力情境。"
    }
  }
}
2025-05-13 16:17:43,151 - INFO - HTTP Request: POST https://api.moonshot.cn/v1/chat/completions "HTTP/1.1 200 OK"
2025-05-13 16:17:43,152 - WARNING - 原始响应内容: {
    "key": "感情状况",
    "value": ["正在恋爱", "快乐地单身着", "单身但准备好了开始新的恋情"],
    "note": "不放'最近刚分手'和'处在一段艰难的亲密关系中'的理由是，这句话强调的是自我肯定和自我友好，与刚经历分手或处于关系困境中的情感状态不直接相关。不放'有点辛苦的暗恋'的理由是，这句话更多关注自我关系，而暗恋状态更多涉及对他人的情感和互动。"
}
2025-05-13 16:17:43,691 - INFO - HTTP Request: POST https://api.moonshot.cn/v1/chat/completions "HTTP/1.1 200 OK"
2025-05-13 16:17:43,693 - WARNING - 原始响应内容: {
  "key": "合集",
  "value": ["抗击抑郁", "自我关怀", "自我成长"],
  "note": {
    "未选合集及理由": {
      "艰难时刻": "语句不涉及自我安抚或情绪困境的接纳。",
      "平静内心": "不符合寻找心理宁静的需求。",
      "心碎疗愈": "无情感伤害或关系修复内容。",
      "自我关怀": "虽然语句有自我关怀的意味，但更侧重于情绪恢复和个人成长。",
      "减压放松": "未体现压力释放或当下放松意图。",
      "感恩练习": "不涉及感恩或资源觉察内容。",
      "爱我的身体": "无身体相关的觉察或积极接纳表达。",
      "爱自己": "未明确传达无条件自我认同。",
      "自尊心": "未强调自身价值体系的稳固。",
      "我很好": "不涉及自我状态的简单确认。",
      "积极心态": "未强调乐观思维或积极感知。",
      "愉悦心情": "不涉及日常愉悦感知。",
      "焕发生命力": "未关注唤醒内在活力或潜能。",
      "点燃动力": "不涉及突破行动瓶颈或意志召唤。",
      "拥抱女性身份": "无女性身份相关内容。",
      "女性力量": "未涉及抗争/主权意识建构。",
      "亲密关系": "语句未指向关系修复或信任建设。",
      "人际交往": "未关注社交掌控感或边界维护。",
      "爱家人": "未提及家庭成员或家庭关系。",
      "原谅": "无关于宽恕他人或自我原谅的内容。",
      "事业成功": "无职业发展或成就目标导向。",
      "擦拭信念": "未涉及信念重塑或理想追求。",
      "追梦无悔": "未体现追梦或不懈努力情境。"
    }
  }
}
2025-05-13 16:17:43,890 - INFO - HTTP Request: POST https://api.moonshot.cn/v1/chat/completions "HTTP/1.1 200 OK"
2025-05-13 16:17:43,891 - WARNING - 原始响应内容: {
  "key": "合集",
  "value": ["平静内心", "自我关怀", "治愈之旅"],
  "note": {
    "未选合集及理由": {
      "个人成长":"语句未涉及学习或进步的自我提升过程。",
      "自信":"未强调自我信任或面对挑战时的从容态度。",
      "艰难时刻": "语句不涉及自我安抚或情绪困境的接纳。",
      "抗击抑郁": "语句未聚焦低落情绪的恢复。",
      "心碎疗愈": "无情感伤害或关系修复内容。",
      "减压放松": "未体现压力释放或当下放松意图。",
      "感恩练习": "不涉及感恩或资源觉察内容。",
      "爱我的身体": "无身体相关的觉察或积极接纳表达。",
      "爱自己": "未明确传达无条件自我认同。",
      "自尊心": "未强调自身价值体系的稳固。",
      "我很好": "不涉及自我状态的简单确认。",
      "积极心态": "未强调乐观思维或积极感知。",
      "愉悦心情": "不涉及日常愉悦感知。",
      "焕发生命力": "未关注唤醒内在活力或潜能。",
      "点燃动力": "不涉及突破行动瓶颈或意志召唤。",
      "拥抱女性身份": "无女性身份相关内容。",
      "女性力量": "未涉及抗争/主权意识建构。",
      "亲密关系": "语句未指向关系修复或信任建设。",
      "人际交往": "未关注社交掌控感或边界维护。",
      "爱家人": "未提及家庭成员或家庭关系。",
      "原谅": "无关于宽恕他人或自我原谅的内容。",
      "事业成功": "无职业发展或成就目标导向。",
      "擦拭信念": "未涉及信念重塑或理想追求。",
      "追梦无悔": "未体现追梦或不懈努力情境。"
    }
  }
}
2025-05-13 16:17:45,358 - INFO - HTTP Request: POST https://api.moonshot.cn/v1/chat/completions "HTTP/1.1 200 OK"
2025-05-13 16:17:45,360 - WARNING - 原始响应内容: {
    "key": "感情状况",
    "value": ["正在恋爱", "处在一段艰难的亲密关系中", "快乐地单身着", "单身但准备好了开始新的恋情", "有点辛苦的暗恋"],
    "note": "最近刚分手的用户可能需要更多的疗愈和情感支持，而这句话更多强调的是自我照顾，可能不是最适合的选择。"
}
2025-05-13 16:17:45,736 - INFO - HTTP Request: POST https://api.moonshot.cn/v1/chat/completions "HTTP/1.1 200 OK"
2025-05-13 16:17:45,737 - WARNING - 原始响应内容: {
    "最近的感觉": ["很好", "一般"],
    "什么让你有这种感觉": ["自己"],
    "note": "该自我肯定语表达了一种积极的自我关怀和自我接纳的态度，适合推送给情感状态为'很好'和'一般'的用户，帮助他们提升自信和自我价值感。句子中没有涉及到家庭、朋友、工作、健康、感情或学业等外部因素，所以只选择'自己'作为相关因素。"
}
2025-05-13 16:17:46,184 - INFO - HTTP Request: POST https://api.moonshot.cn/v1/chat/completions "HTTP/1.1 200 OK"
2025-05-13 16:17:46,185 - WARNING - 原始响应内容: {
    "key": "感情状况",
    "value": ["最近刚分手", "处在一段艰难的亲密关系中", "有点辛苦的暗恋"],
    "note": "不放'正在恋爱'的理由是这句话强调了对痛苦和快乐的控制，与正在恋爱中积极的情感状态不符。不放'快乐地单身着'的理由是这句话更多地强调了对情感的控制和自我肯定，而不是享受单身状态。不放'单身但准备好了开始新的恋情'的理由是这句话更多地关注于对过去情感的断舍离，而不是对新恋情的期待和准备。"
}
2025-05-13 16:17:46,908 - INFO - HTTP Request: POST https://api.moonshot.cn/v1/chat/completions "HTTP/1.1 200 OK"
2025-05-13 16:17:46,908 - INFO - HTTP Request: POST https://api.moonshot.cn/v1/chat/completions "HTTP/1.1 200 OK"
2025-05-13 16:17:46,909 - WARNING - 原始响应内容: {
    "key": "感情状况",
    "value": ["最近刚分手", "处在一段艰难的亲密关系中", "有点辛苦的暗恋"],
    "note": "该自我肯定语强调在脆弱时感受自我愈合的力量，适合最近刚分手、处在一段艰难的亲密关系中、有点辛苦的暗恋的用户。对于正在恋爱和快乐地单身着的用户，他们的感情状态相对稳定，不太需要强调自我愈合。而对于单身但准备好了开始新的恋情的用户，他们更关注新恋情的期待和准备，与自我愈合的主题不太契合。"
}
2025-05-13 16:17:46,910 - WARNING - 原始响应内容: {
    "key": "感情状况",
    "value": ["最近刚分手", "处在一段艰难的亲密关系中", "有点辛苦的暗恋"],
    "note": "不放'正在恋爱'和'快乐地单身着'的理由是，这句话强调的是个人从不愉快的状态中恢复的能力，而'正在恋爱'的用户通常处于积极的情感状态，不需要这种提醒。'快乐地单身着'的用户享受单身生活，也不太需要这种自我肯定。不放'单身但准备好了开始新的恋情'的理由是，这句话更多是关于从不愉快中恢复，而不是准备开始新恋情的积极心态。"
}
2025-05-13 16:17:47,556 - INFO - HTTP Request: POST https://api.moonshot.cn/v1/chat/completions "HTTP/1.1 200 OK"
2025-05-13 16:17:47,558 - WARNING - 原始响应内容: {
    "最近的感觉": ["一般", "不好", "糟糕"],
    "什么让你有这种感觉": ["健康", "自己"],
    "note": "该自我肯定语表达了照顾自己的决心，适合一般、不好和糟糕的情感状态。没有涉及开心、很好，因为这些状态不需要特别强调照顾自己。也没有涉及家庭、朋友、工作、感情和学业，所以不放这些标签。"
}
2025-05-13 16:17:48,087 - INFO - HTTP Request: POST https://api.moonshot.cn/v1/chat/completions "HTTP/1.1 200 OK"
2025-05-13 16:17:48,087 - WARNING - 原始响应内容: {
    "最近的感觉": ["不好", "糟糕"],
    "什么让你有这种感觉": ["自己"],
    "note": "句子表达了一种自我肯定的态度，强调了外界事物对自己情绪的影响有限，因此更倾向于与'自己'相关。句子没有明确涉及家庭、朋友、工作、健康、感情或学业等其他因素，所以不放这些标签。"
}
2025-05-13 16:17:49,113 - INFO - HTTP Request: POST https://api.moonshot.cn/v1/chat/completions "HTTP/1.1 200 OK"
2025-05-13 16:17:49,114 - WARNING - 原始响应内容: {
    "最近的感觉": ["不好", "糟糕"],
    "什么让你有这种感觉": ["健康", "自己"],
    "note": "不放'开心'和'很好'的标签是因为句子中提到的是脆弱时的感受，这通常与积极情绪无关；不放'家庭'、'朋友'、'工作'、'感情'、'学业'的标签是因为句子中没有提及这些因素。"
}
2025-05-13 16:17:49,146 - INFO - HTTP Request: POST https://api.moonshot.cn/v1/chat/completions "HTTP/1.1 200 OK"
2025-05-13 16:17:49,147 - WARNING - 原始响应内容: {
    "最近的感觉": ["不好", "糟糕"],
    "什么让你有这种感觉": ["自己"],
    "note": "该自我肯定语表达了一种自我激励和提醒，旨在提升个人情绪，因此适合推送给情感状态为'不好'和'糟糕'的用户。句子中没有提到家庭、朋友、工作、健康、感情或学业，所以这些标签都不适用。"
}
2025-05-13 16:17:55,755 - INFO - HTTP Request: POST https://api.moonshot.cn/v1/chat/completions "HTTP/1.1 200 OK"
2025-05-13 16:17:55,756 - WARNING - 原始响应内容: {
  "key": "合集",
  "value": ["平静内心", "自我关怀", "接受现实"],
  "note": {
    "未选合集及理由": {
      "艰难时刻": "语句不涉及自我安抚或情绪困境的接纳。",
      "抗击抑郁": "语句未聚焦低落情绪的恢复。",
      "心碎疗愈": "无情感伤害或关系修复内容。",
      "减压放松": "未体现压力释放或当下放松意图。",
      "感恩练习": "不涉及感恩或资源觉察内容。",
      "爱我的身体": "无身体相关的觉察或积极接纳表达。",
      "爱自己": "未明确传达无条件自我认同。",
      "自尊心": "未强调自身价值体系的稳固。",
      "我很好": "不涉及自我状态的简单确认。",
      "积极心态": "未强调乐观思维或积极感知。",
      "愉悦心情": "不涉及日常愉悦感知。",
      "焕发生命力": "未关注唤醒内在活力或潜能。",
      "点燃动力": "不涉及突破行动瓶颈或意志召唤。",
      "拥抱女性身份": "无女性身份相关内容。",
      "女性力量": "未涉及抗争/主权意识建构。",
      "亲密关系": "语句未指向关系修复或信任建设。",
      "人际交往": "未关注社交掌控感或边界维护。",
      "爱家人": "未提及家庭成员或家庭关系。",
      "原谅": "无关于宽恕他人或自我原谅的内容。",
      "事业成功": "无职业发展或成就目标导向。",
      "擦拭信念": "未涉及信念重塑或理想追求。",
      "追梦无悔": "未体现追梦或不懈努力情境。"
    }
  }
}
2025-05-13 16:17:58,133 - INFO - HTTP Request: POST https://api.moonshot.cn/v1/chat/completions "HTTP/1.1 200 OK"
2025-05-13 16:17:58,134 - WARNING - 原始响应内容: {
  "key": "合集",
  "value": ["自信", "人际交往", "自尊心"],
  "note": {
    "未选合集及理由": {
      "个人成长": "句子没有强调学习和进步，而是强调个人感受和想法的重要性。",
      "艰难时刻": "语句不涉及自我安抚或情绪困境的接纳。",
      "平静内心": "不符合寻找心理宁静的需求。",
      "抗击抑郁": "语句未聚焦低落情绪的恢复。",
      "心碎疗愈": "无情感伤害或关系修复内容。",
      "自我关怀": "无直接关于滋养自我的表达。",
      "减压放松": "未体现压力释放或当下放松意图。",
      "感恩练习": "不涉及感恩或资源觉察内容。",
      "爱我的身体": "无身体相关的觉察或积极接纳表达。",
      "爱自己": "未明确传达无条件自我认同。",
      "我很好": "不涉及自我状态的简单确认。",
      "积极心态": "未强调乐观思维或积极感知。",
      "愉悦心情": "不涉及日常愉悦感知。",
      "焕发生命力": "未关注唤醒内在活力或潜能。",
      "点燃动力": "不涉及突破行动瓶颈或意志召唤。",
      "拥抱女性身份": "无女性身份相关内容。",
      "女性力量": "未涉及抗争/主权意识建构。",
      "亲密关系": "语句未指向关系修复或信任建设。",
      "爱家人": "未提及家庭成员或家庭关系。",
      "原谅": "无关于宽恕他人或自我原谅的内容。",
      "事业成功": "无职业发展或成就目标导向。",
      "擦拭信念": "未涉及信念重塑或理想追求。",
      "追梦无悔": "未体现追梦或不懈努力情境。"
    }
  }
}
2025-05-13 16:17:58,380 - INFO - HTTP Request: POST https://api.moonshot.cn/v1/chat/completions "HTTP/1.1 200 OK"
2025-05-13 16:17:58,381 - WARNING - 原始响应内容: {
    "key": "感情状况",
    "value": ["正在恋爱", "处在一段艰难的亲密关系中", "最近刚分手", "快乐地单身着", "单身但准备好了开始新的恋情"],
    "note": "自我肯定语“我接受所有现实情况”适合于多个感情状况的用户。这句话表达了对现实情况的接受和适应，没有特定指向某个感情状况。因此，除了“有点辛苦的暗恋”外，其他感情状况的用户都可以从这句话中获得积极的心理支持。"
}
2025-05-13 16:17:59,091 - INFO - HTTP Request: POST https://api.moonshot.cn/v1/chat/completions "HTTP/1.1 200 OK"
2025-05-13 16:17:59,093 - WARNING - 原始响应内容: {
  "key": "合集",
  "value": ["感恩练习", "自我关怀"],
  "note": {
    "未选合集及理由": {
      "个人成长": "语句未强调学习和进步，而是表达对现有状态的感激。",
      "自信": "未强调自我信任或面对挑战的能力，而是感激现有健康。",
      "艰难时刻": "语句不涉及自我安抚或情绪困境的接纳。",
      "平静内心": "不符合寻找心理宁静的需求。",
      "抗击抑郁": "语句未聚焦低落情绪的恢复。",
      "心碎疗愈": "无情感伤害或关系修复内容。",
      "减压放松": "未体现压力释放或当下放松意图。",
      "爱我的身体": "无身体相关的觉察或积极接纳表达。",
      "爱自己": "未明确传达无条件自我认同。",
      "自尊心": "未强调自身价值体系的稳固。",
      "我很好": "不涉及自我状态的简单确认。",
      "积极心态": "未强调乐观思维或积极感知。",
      "愉悦心情": "不涉及日常愉悦感知。",
      "焕发生命力": "未关注唤醒内在活力或潜能。",
      "点燃动力": "不涉及突破行动瓶颈或意志召唤。",
      "拥抱女性身份": "无女性身份相关内容。",
      "女性力量": "未涉及抗争/主权意识建构。",
      "亲密关系": "语句未指向关系修复或信任建设。",
      "人际交往": "未关注社交掌控感或边界维护。",
      "爱家人": "未提及家庭成员或家庭关系。",
      "原谅": "无关于宽恕他人或自我原谅的内容。",
      "事业成功": "无职业发展或成就目标导向。",
      "擦拭信念": "未涉及信念重塑或理想追求。",
      "追梦无悔": "未体现追梦或不懈努力情境。"
    }
  }
}
2025-05-13 16:18:00,127 - INFO - HTTP Request: POST https://api.moonshot.cn/v1/chat/completions "HTTP/1.1 200 OK"
2025-05-13 16:18:00,128 - WARNING - 原始响应内容: {
  "key": "合集",
  "value": ["治愈之旅", "平静内心"],
  "note": {
    "未选合集及理由": {
      "个人成长": "语句未强调个人发展或学习进步。",
      "自信": "未强调自我信任或能力肯定。",
      "艰难时刻": "语句不涉及自我安抚或情绪困境的接纳。",
      "抗击抑郁": "语句未聚焦低落情绪的恢复。",
      "心碎疗愈": "无情感伤害或关系修复内容。",
      "自我关怀": "未体现滋养自我或身心照顾。",
      "减压放松": "未体现压力释放或当下放松意图。",
      "感恩练习": "不涉及感恩或资源觉察内容。",
      "爱我的身体": "无身体相关的觉察或积极接纳表达。",
      "爱自己": "未明确传达无条件自我认同。",
      "自尊心": "未强调自身价值体系的稳固。",
      "我很好": "不涉及自我状态的简单确认。",
      "积极心态": "未强调乐观思维或积极感知。",
      "愉悦心情": "不涉及日常愉悦感知。",
      "焕发生命力": "未关注唤醒内在活力或潜能。",
      "点燃动力": "不涉及突破行动瓶颈或意志召唤。",
      "拥抱女性身份": "无女性身份相关内容。",
      "女性力量": "未涉及抗争/主权意识建构。",
      "亲密关系": "语句未指向关系修复或信任建设。",
      "人际交往": "未关注社交掌控感或边界维护。",
      "爱家人": "未提及家庭成员或家庭关系。",
      "原谅": "无关于宽恕他人或自我原谅的内容。",
      "事业成功": "无职业发展或成就目标导向。",
      "擦拭信念": "未涉及信念重塑或理想追求。",
      "追梦无悔": "未体现追梦或不懈努力情境。"
    }
  }
}
2025-05-13 16:18:00,201 - INFO - HTTP Request: POST https://api.moonshot.cn/v1/chat/completions "HTTP/1.1 200 OK"
2025-05-13 16:18:00,202 - WARNING - 原始响应内容: {
  "key": "合集",
  "value": [
    "自尊心",
    "我很好"
  ],
  "note": {
    "未选合集及理由": {
      "个人成长": "句子没有强调学习和进步，而是强调了存在本身的价值。",
      "自信": "虽然句子表达了一种自我肯定的态度，但更偏向于自我价值的确认，而不是行动上的信心或能力上的自信。",
      "艰难时刻": "语句不涉及自我安抚或情绪困境的接纳。",
      "平静内心": "不符合寻找心理宁静的需求。",
      "抗击抑郁": "语句未聚焦低落情绪的恢复。",
      "心碎疗愈": "无情感伤害或关系修复内容。",
      "自我关怀": "无直接关于滋养自我的表达。",
      "减压放松": "未体现压力释放或当下放松意图。",
      "感恩练习": "不涉及感恩或资源觉察内容。",
      "爱我的身体": "无身体相关的觉察或积极接纳表达。",
      "爱自己": "未明确传达无条件自我认同。",
      "积极心态": "未强调乐观思维或积极感知。",
      "愉悦心情": "不涉及日常愉悦感知。",
      "焕发生命力": "未关注唤醒内在活力或潜能。",
      "点燃动力": "不涉及突破行动瓶颈或意志召唤。",
      "拥抱女性身份": "无女性身份相关内容。",
      "女性力量": "未涉及抗争/主权意识建构。",
      "亲密关系": "语句未指向关系修复或信任建设。",
      "人际交往": "未关注社交掌控感或边界维护。",
      "爱家人": "未提及家庭成员或家庭关系。",
      "原谅": "无关于宽恕他人或自我原谅的内容。",
      "事业成功": "无职业发展或成就目标导向。",
      "擦拭信念": "未涉及信念重塑或理想追求。",
      "追梦无悔": "未体现追梦或不懈努力情境。"
    }
  }
}
2025-05-13 16:18:00,424 - INFO - HTTP Request: POST https://api.moonshot.cn/v1/chat/completions "HTTP/1.1 200 OK"
2025-05-13 16:18:00,426 - WARNING - 原始响应内容: {
    "key": "感情状况",
    "value": ["正在恋爱", "处在一段艰难的亲密关系中", "快乐地单身着", "单身但准备好了开始新的恋情", "有点辛苦的暗恋"],
    "note": "最近刚分手：虽然自我肯定语强调个人价值，但该状态的用户可能需要更多关于疗愈和情感恢复的内容，而非仅仅强调个人价值。"
}
2025-05-13 16:18:00,701 - INFO - HTTP Request: POST https://api.moonshot.cn/v1/chat/completions "HTTP/1.1 200 OK"
2025-05-13 16:18:00,703 - WARNING - 原始响应内容: {
    "最近的感觉": ["一般"],
    "什么让你有这种感觉": ["自己"],
    "note": "该自我肯定语表达了对现实的接受态度，没有明显的积极或消极情绪，因此不适合【开心】、【很好】、【不好】和【糟糕】的情感状态。同时，句子中没有提及家庭、朋友、工作、健康、感情或学业等具体因素，所以只选择了【自己】作为相关因素。"
}
2025-05-13 16:18:01,668 - INFO - HTTP Request: POST https://api.moonshot.cn/v1/chat/completions "HTTP/1.1 200 OK"
2025-05-13 16:18:01,669 - WARNING - 原始响应内容: {
    "key": "感情状况",
    "value": ["正在恋爱", "快乐地单身着", "单身但准备好了开始新的恋情"],
    "note": "不放'最近刚分手'和'处在一段艰难的亲密关系中'的理由是，自我肯定语强调的是感激健康和精力，这与感情状态中的失落和挣扎情绪不相符。不放'有点辛苦的暗恋'的理由是，该自我肯定语没有直接涉及人际交往或勇气，而是强调对个人健康和精力的感激。"
}
2025-05-13 16:18:02,182 - INFO - HTTP Request: POST https://api.moonshot.cn/v1/chat/completions "HTTP/1.1 200 OK"
2025-05-13 16:18:02,183 - WARNING - 原始响应内容: {
    "最近的感觉": ["一般", "不好", "糟糕"],
    "什么让你有这种感觉": ["自己"],
    "note": "该自我肯定语强调个人想法和感受的重要性，适合一般、不好和糟糕的情感状态。开心和很好的状态已经具有积极情绪，不需要强调个人想法和感受的重要性。"
}
2025-05-13 16:18:02,937 - INFO - HTTP Request: POST https://api.moonshot.cn/v1/chat/completions "HTTP/1.1 200 OK"
2025-05-13 16:18:02,938 - WARNING - 原始响应内容: {
    "key": "感情状况",
    "value": ["正在恋爱", "快乐地单身着", "单身但准备好了开始新的恋情"],
    "note": "不放'最近刚分手'和'处在一段艰难的亲密关系中'的原因是，这句话强调的是个人价值和自我肯定，而这两个状态的用户可能更多关注于情感失落和关系矛盾，与这句话的主题不太契合。不放'有点辛苦的暗恋'的原因是，这句话没有直接涉及人际交往和勇气，而是更侧重于自我价值的肯定。"
}
2025-05-13 16:17:58,117 - INFO - HTTP Request: POST https://api.moonshot.cn/v1/chat/completions "HTTP/1.1 200 OK"
2025-05-13 16:17:58,118 - WARNING - 原始响应内容: {
    "最近的感觉": ["很好"],
    "什么让你有这种感觉": ["健康", "自己"],
    "note": "句子表达了对健康和精力的感激，属于积极情绪，因此不适合'不好'和'糟糕'。句子没有涉及家庭、朋友、工作、感情和学业，所以这些标签不适用。"
}
2025-05-13 16:17:58,406 - INFO - HTTP Request: POST https://api.moonshot.cn/v1/chat/completions "HTTP/1.1 200 OK"
2025-05-13 16:17:58,407 - WARNING - 原始响应内容: {
    "key": "感情状况",
    "value": ["最近刚分手"],
    "note": "自我肯定语“我暂停追忆，现在就是我疗愈的起点”主要表达了从过去的情感经历中抽离，开始疗愈和自我恢复的意愿。因此，这个肯定语最适合“最近刚分手”的用户。对于“正在恋爱”的用户，他们目前处于积极的情感状态，不需要疗愈；“处在一段艰难的亲密关系中”的用户虽然可能需要疗愈，但这个肯定语没有直接涉及改善关系；“快乐地单身着”和“单身但准备好了开始新的恋情”的用户更多关注享受单身或准备新恋情，而不是疗愈过去的情感。因此，这些感情状况的用户不是这个肯定语的主要适用对象。"
}
2025-05-13 16:18:04,927 - INFO - HTTP Request: POST https://api.moonshot.cn/v1/chat/completions "HTTP/1.1 200 OK"
2025-05-13 16:18:04,928 - WARNING - 原始响应内容: {
    "最近的感觉": ["很好", "开心"],
    "什么让你有这种感觉": ["自己"],
    "note": "这句话是积极的自我肯定，表达了个人价值和被世界珍视的感觉，因此适合推送给感到开心和很好的用户。句子中没有提到家庭、朋友、工作、健康、感情或学业，所以这些标签都不适用。"
}
2025-05-13 16:18:05,662 - INFO - HTTP Request: POST https://api.moonshot.cn/v1/chat/completions "HTTP/1.1 200 OK"
2025-05-13 16:18:05,663 - WARNING - 原始响应内容: {
    "最近的感觉": ["不好", "糟糕"],
    "什么让你有这种感觉": ["健康", "自己"],
    "note": "不放'家庭'和'感情'标签的理由是句子中没有提及家庭或感情相关的内容；不放'朋友'、'工作'和'学业'标签的理由是句子中没有提及这些因素。"
}
2025-05-13 16:18:10,020 - INFO - HTTP Request: POST https://api.moonshot.cn/v1/chat/completions "HTTP/1.1 200 OK"
2025-05-13 16:18:10,022 - WARNING - 原始响应内容: {
  "key": "合集",
  "value": ["治愈之旅", "自我关怀"],
  "note": {
    "未选合集及理由": {
      "艰难时刻": "语句不涉及自我安抚或情绪困境的接纳。",
      "平静内心": "不符合寻找心理宁静的需求。",
      "抗击抑郁": "语句未聚焦低落情绪的恢复。",
      "心碎疗愈": "无情感伤害或关系修复内容。",
      "感恩练习": "不涉及感恩或资源觉察内容。",
      "爱我的身体": "无身体相关的觉察或积极接纳表达。",
      "爱自己": "未明确传达无条件自我认同。",
      "自尊心": "未强调自身价值体系的稳固。",
      "我很好": "不涉及自我状态的简单确认。",
      "积极心态": "未强调乐观思维或积极感知。",
      "愉悦心情": "不涉及日常愉悦感知。",
      "焕发生命力": "未关注唤醒内在活力或潜能。",
      "点燃动力": "不涉及突破行动瓶颈或意志召唤。",
      "拥抱女性身份": "无女性身份相关内容。",
      "女性力量": "未涉及抗争/主权意识建构。",
      "亲密关系": "语句未指向关系修复或信任建设。",
      "人际交往": "未关注社交掌控感或边界维护。",
      "爱家人": "未提及家庭成员或家庭关系。",
      "原谅": "无关于宽恕他人或自我原谅的内容。",
      "事业成功": "无职业发展或成就目标导向。",
      "擦拭信念": "未涉及信念重塑或理想追求。",
      "追梦无悔": "未体现追梦或不懈努力情境。"
    }
  }
}
2025-05-13 16:18:11,309 - INFO - HTTP Request: POST https://api.moonshot.cn/v1/chat/completions "HTTP/1.1 200 OK"
2025-05-13 16:18:11,311 - WARNING - 原始响应内容: {
  "key": "合集",
  "value": ["平静内心", "抗击抑郁", "自我关怀", "原谅"],
  "note": {
    "未选合集及理由": {
      "艰难时刻": "语句不涉及自我安抚或情绪困境的接纳。",
      "个人成长": "未强调学习和进步，而是对过去的释放。",
      "自信": "未强调自身价值体系的稳固。",
      "我很好": "不涉及自我状态的简单确认。",
      "积极心态": "未强调乐观思维或积极感知。",
      "愉悦心情": "不涉及日常愉悦感知。",
      "焕发生命力": "未关注唤醒内在活力或潜能。",
      "点燃动力": "不涉及突破行动瓶颈或意志召唤。",
      "拥抱女性身份": "无女性身份相关内容。",
      "女性力量": "未涉及抗争/主权意识建构。",
      "亲密关系": "语句未指向关系修复或信任建设。",
      "人际交往": "未关注社交掌控感或边界维护。",
      "爱家人": "未提及家庭成员或家庭关系。",
      "事业成功": "无职业发展或成就目标导向。",
      "擦拭信念": "未涉及信念重塑或理想追求。",
      "追梦无悔": "未体现追梦或不懈努力情境。"
    }
  }
}
2025-05-13 16:18:12,019 - INFO - HTTP Request: POST https://api.moonshot.cn/v1/chat/completions "HTTP/1.1 200 OK"
2025-05-13 16:18:12,020 - WARNING - 原始响应内容: {
  "key": "合集",
  "value": ["平静内心", "自我关怀", "原谅"],
  "note": {
    "未选合集及理由": {
      "个人成长": "语句未涉及个人发展或学习进步。",
      "自信": "未强调自我信任或能力肯定。",
      "艰难时刻": "语句不涉及自我安抚或情绪困境的接纳。",
      "抗击抑郁": "语句未聚焦低落情绪的恢复。",
      "心碎疗愈": "无情感伤害或关系修复内容。",
      "减压放松": "未体现压力释放或当下放松意图。",
      "感恩练习": "不涉及感恩或资源觉察内容。",
      "爱我的身体": "无身体相关的觉察或积极接纳表达。",
      "爱自己": "未明确传达无条件自我认同。",
      "自尊心": "未强调自身价值体系的稳固。",
      "我很好": "不涉及自我状态的简单确认。",
      "积极心态": "未强调乐观思维或积极感知。",
      "愉悦心情": "不涉及日常愉悦感知。",
      "焕发生命力": "未关注唤醒内在活力或潜能。",
      "点燃动力": "不涉及突破行动瓶颈或意志召唤。",
      "拥抱女性身份": "无女性身份相关内容。",
      "女性力量": "未涉及抗争/主权意识建构。",
      "亲密关系": "语句未指向关系修复或信任建设。",
      "人际交往": "未关注社交掌控感或边界维护。",
      "爱家人": "未提及家庭成员或家庭关系。",
      "事业成功": "无职业发展或成就目标导向。",
      "擦拭信念": "未涉及信念重塑或理想追求。",
      "追梦无悔": "未体现追梦或不懈努力情境。"
    }
  }
}
2025-05-13 16:18:12,625 - INFO - HTTP Request: POST https://api.moonshot.cn/v1/chat/completions "HTTP/1.1 200 OK"
2025-05-13 16:18:12,626 - WARNING - 原始响应内容: {
    "key": "感情状况",
    "value": ["正在恋爱", "处在一段艰难的亲密关系中", "最近刚分手", "快乐地单身着", "单身但准备好了开始新的恋情"],
    "note": "该自我肯定语适合所有感情状况的用户，因为它强调了自我治愈和自我成长的重要性。这句话并没有直接涉及人际关系或恋爱的具体情境，而是鼓励个人在任何情况下都能自我疗愈和成长。因此，它适用于所有感情状况的用户，帮助他们建立自信和自尊。"
}
2025-05-13 16:18:14,377 - INFO - HTTP Request: POST https://api.moonshot.cn/v1/chat/completions "HTTP/1.1 200 OK"
2025-05-13 16:18:14,378 - WARNING - 原始响应内容: {
    "key": "感情状况",
    "value": ["最近刚分手", "单身但准备好了开始新的恋情"],
    "note": "不放'正在恋爱'的原因是这句话表达的是对过去的放下，与正在恋爱的状态不匹配；不放'处在一段艰难的亲密关系中'的原因是这句话更多是关于个人情感的释放和向前看，而不是解决当前关系中的矛盾；不放'快乐地单身着'的原因是这句话更多是关于从过去的情感中解脱，而不是享受单身状态；不放'有点辛苦的暗恋'的原因是这句话没有涉及到暗恋的情感状态，而是关于对过去情感的放下。"
}
2025-05-13 16:18:15,395 - INFO - HTTP Request: POST https://api.moonshot.cn/v1/chat/completions "HTTP/1.1 200 OK"
2025-05-13 16:18:15,396 - WARNING - 原始响应内容: {
    "最近的感觉": ["不好", "糟糕"],
    "什么让你有这种感觉": ["健康", "自己"],
    "note": "不放'开心'和'很好'的理由是该自我肯定语强调的是治愈自己，适用于情绪低落或痛苦的状态；不放'一般'的理由是该句子具有强烈的自我治愈倾向，更符合情绪不好或糟糕的状态；不放'家庭'、'朋友'、'工作'、'感情'和'学业'的理由是该句子没有明确提及这些因素。"
}
2025-05-13 16:18:15,726 - INFO - HTTP Request: POST https://api.moonshot.cn/v1/chat/completions "HTTP/1.1 200 OK"
2025-05-13 16:18:15,727 - WARNING - 原始响应内容: {
    "key": "感情状况",
    "value": ["快乐地单身着", "单身但准备好了开始新的恋情"],
    "note": "自我肯定语'我不与生命旅程之外的事物纠缠'表达了一种超脱和专注于自己生活的态度。对于'正在恋爱'的人来说，这句话可能不太适用，因为他们可能更关注与伴侣的关系。对于'最近刚分手'和'处在一段艰难的亲密关系中'的人来说，这句话可能有一定的疗愈作用，但并不是专门针对这些情况的。对于'有点辛苦的暗恋'的人来说，这句话可能不太相关，因为他们可能更关注自己的感情状态。因此，这句话更适合'快乐地单身着'和'单身但准备好了开始新的恋情'的人，他们可能更倾向于专注于自己的生活和成长。"
}
2025-05-13 16:18:17,145 - INFO - HTTP Request: POST https://api.moonshot.cn/v1/chat/completions "HTTP/1.1 200 OK"
2025-05-13 16:18:17,146 - WARNING - 原始响应内容: {
    "最近的感觉": ["不好", "糟糕"],
    "什么让你有这种感觉": ["自己"],
    "note": "句子'我不再为过去叹息'表达了一种从过去的情绪中解脱出来的状态，这与'不好'和'糟糕'的情感状态相匹配，因为它们通常涉及需要安慰、支持或情绪调节。同时，这句话也表达了一种自我关怀和自我肯定，因此与'自己'相关。句子中没有明确提及家庭、朋友、工作、健康、感情或学业，因此不选择这些标签。"
}
2025-05-13 16:18:18,036 - INFO - HTTP Request: POST https://api.moonshot.cn/v1/chat/completions "HTTP/1.1 200 OK"
2025-05-13 16:18:18,037 - WARNING - 原始响应内容: {
    "最近的感觉": ["一般"],
    "什么让你有这种感觉": ["自己"],
    "note": "这句话表达了一种超脱和不与外界负面事物纠缠的态度，更倾向于中性情绪，因此适合'一般'情感状态的用户。句子中没有明确提到家庭、朋友、工作、健康、感情、学业等具体因素，而是强调了自我态度和内心状态，所以选择'自己'作为相关因素。"
}
