2025-05-13 11:41:18,043 - INFO - HTTP Request: POST https://api.moonshot.cn/v1/chat/completions "HTTP/1.1 200 OK"
2025-05-13 11:41:18,053 - WARNING - 原始响应内容: {
  "key": "合集",
  "value": ["自我关怀", "减压放松", "我很好"],
  "note": {
    "未选合集及理由": {
      "艰难时刻": "语句不涉及自我安抚或情绪困境的接纳。",
      "平静内心": "不符合寻找心理宁静的需求。",
      "抗击抑郁": "语句未聚焦低落情绪的恢复。",
      "心碎疗愈": "无情感伤害或关系修复内容。",
      "感恩练习": "不涉及感恩或资源觉察内容。",
      "爱我的身体": "无身体相关的觉察或积极接纳表达。",
      "爱自己": "未明确传达无条件自我认同。",
      "自尊心": "未强调自身价值体系的稳固。",
      "积极心态": "未强调乐观思维或积极感知。",
      "愉悦心情": "不涉及日常愉悦感知。",
      "焕发生命力": "未关注唤醒内在活力或潜能。",
      "点燃动力": "不涉及突破行动瓶颈或意志召唤。",
      "拥抱女性身份": "无女性身份相关内容。",
      "女性力量": "未涉及抗争/主权意识建构。",
      "亲密关系": "语句未指向关系修复或信任建设。",
      "人际交往": "未关注社交掌控感或边界维护。",
      "爱家人": "未提及家庭成员或家庭关系。",
      "原谅": "无关于宽恕他人或自我原谅的内容。",
      "事业成功": "无职业发展或成就目标导向。",
      "擦拭信念": "未涉及信念重塑或理想追求。",
      "追梦无悔": "未体现追梦或不懈努力情境。"
    }
  }
}
2025-05-13 11:41:18,247 - INFO - HTTP Request: POST https://api.moonshot.cn/v1/chat/completions "HTTP/1.1 200 OK"
2025-05-13 11:41:18,249 - WARNING - 原始响应内容: {
  "key": "合集",
  "value": [
    "自我关怀",
    "积极心态",
    "我很好"
  ],
  "note": {
    "未选合集及理由": {
      "个人成长": "语句未强调学习和进步，而是聚焦于当前自我状态的肯定。",
      "自信": "虽然语句含有积极的自我认知，但更侧重于当前状态的接纳，而非自信力的提升。",
      "艰难时刻": "语句不涉及自我安抚或情绪困境的接纳。",
      "平静内心": "不符合寻找心理宁静的需求。",
      "抗击抑郁": "语句未聚焦低落情绪的恢复。",
      "心碎疗愈": "无情感伤害或关系修复内容。",
      "减压放松": "未体现压力释放或当下放松意图。",
      "感恩练习": "不涉及感恩或资源觉察内容。",
      "爱我的身体": "无身体相关的觉察或积极接纳表达。",
      "爱自己": "未明确传达无条件自我认同。",
      "自尊心": "未强调自身价值体系的稳固。",
      "拥抱女性身份": "无女性身份相关内容。",
      "女性力量": "未涉及抗争/主权意识建构。",
      "亲密关系": "语句未指向关系修复或信任建设。",
      "人际交往": "未关注社交掌控感或边界维护。",
      "爱家人": "未提及家庭成员或家庭关系。",
      "原谅": "无关于宽恕他人或自我原谅的内容。",
      "事业成功": "无职业发展或成就目标导向。",
      "擦拭信念": "未涉及信念重塑或理想追求。",
      "追梦无悔": "未体现追梦或不懈努力情境。"
    }
  }
}
2025-05-13 11:41:18,946 - INFO - HTTP Request: POST https://api.moonshot.cn/v1/chat/completions "HTTP/1.1 200 OK"
2025-05-13 11:41:18,948 - WARNING - 原始响应内容: {
  "key": "合集",
  "value": ["平静内心", "减压放松"],
  "note": {
    "未选合集及理由": {
      "个人成长": "语句未涉及个人发展或学习进步。",
      "自信": "未强调自我信任或能力肯定。",
      "艰难时刻": "语句不涉及自我安抚或情绪困境的接纳。",
      "抗击抑郁": "语句未聚焦低落情绪的恢复。",
      "心碎疗愈": "无情感伤害或关系修复内容。",
      "自我关怀": "未体现自我滋养或自我照顾。",
      "感恩练习": "不涉及感恩或资源觉察内容。",
      "爱我的身体": "无身体相关的觉察或积极接纳表达。",
      "爱自己": "未明确传达无条件自我认同。",
      "自尊心": "未强调自身价值体系的稳固。",
      "我很好": "不涉及自我状态的简单确认。",
      "积极心态": "未强调乐观思维或积极感知。",
      "愉悦心情": "不涉及日常愉悦感知。",
      "焕发生命力": "未关注唤醒内在活力或潜能。",
      "点燃动力": "不涉及突破行动瓶颈或意志召唤。",
      "拥抱女性身份": "无女性身份相关内容。",
      "女性力量": "未涉及抗争/主权意识建构。",
      "亲密关系": "语句未指向关系修复或信任建设。",
      "人际交往": "未关注社交掌控感或边界维护。",
      "爱家人": "未提及家庭成员或家庭关系。",
      "原谅": "无关于宽恕他人或自我原谅的内容。",
      "事业成功": "无职业发展或成就目标导向。",
      "擦拭信念": "未涉及信念重塑或理想追求。",
      "追梦无悔": "未体现追梦或不懈努力情境。"
    }
  }
}
2025-05-13 11:41:18,967 - INFO - HTTP Request: POST https://api.moonshot.cn/v1/chat/completions "HTTP/1.1 200 OK"
2025-05-13 11:41:18,968 - WARNING - 原始响应内容: {
  "key": "合集",
  "value": ["平静内心"],
  "note": {
    "未选合集及理由": {
      "艰难时刻": "语句不涉及自我安抚或情绪困境的接纳。",
      "抗击抑郁": "语句未聚焦低落情绪的恢复。",
      "心碎疗愈": "无情感伤害或关系修复内容。",
      "自我关怀": "未体现滋养自我的表达。",
      "减压放松": "未体现压力释放或当下放松意图。",
      "感恩练习": "不涉及感恩或资源觉察内容。",
      "爱我的身体": "无身体相关的觉察或积极接纳表达。",
      "爱自己": "未明确传达无条件自我认同。",
      "自尊心": "未强调自身价值体系的稳固。",
      "我很好": "不涉及自我状态的简单确认。",
      "积极心态": "未强调乐观思维或积极感知。",
      "愉悦心情": "不涉及日常愉悦感知。",
      "焕发生命力": "未关注唤醒内在活力或潜能。",
      "点燃动力": "不涉及突破行动瓶颈或意志召唤。",
      "拥抱女性身份": "无女性身份相关内容。",
      "女性力量": "未涉及抗争/主权意识建构。",
      "亲密关系": "语句未指向关系修复或信任建设。",
      "人际交往": "未关注社交掌控感或边界维护。",
      "爱家人": "未提及家庭成员或家庭关系。",
      "原谅": "无关于宽恕他人或自我原谅的内容。",
      "个人成长": "未涉及个人发展或进步。",
      "事业成功": "无职业发展或成就目标导向。",
      "擦拭信念": "未涉及信念重塑或理想追求。",
      "追梦无悔": "未体现追梦或不懈努力情境。"
    }
  }
}
2025-05-13 11:41:18,994 - INFO - HTTP Request: POST https://api.moonshot.cn/v1/chat/completions "HTTP/1.1 200 OK"
2025-05-13 11:41:18,995 - WARNING - 原始响应内容: {
  "key": "合集",
  "value": ["个人成长", "积极心态", "我很好"],
  "note": {
    "未选合集及理由": {
      "自信": "虽然句子表达了自我提升，但未直接强调自我信任或能力自信。",
      "艰难时刻": "语句不涉及自我安抚或情绪困境的接纳。",
      "平静内心": "不符合寻找心理宁静的需求。",
      "抗击抑郁": "语句未聚焦低落情绪的恢复。",
      "心碎疗愈": "无情感伤害或关系修复内容。",
      "自我关怀": "无直接关于滋养自我的表达。",
      "减压放松": "未体现压力释放或当下放松意图。",
      "感恩练习": "不涉及感恩或资源觉察内容。",
      "爱我的身体": "无身体相关的觉察或积极接纳表达。",
      "爱自己": "未明确传达无条件自我认同。",
      "自尊心": "未强调自身价值体系的稳固。",
      "愉悦心情": "不涉及日常愉悦感知。",
      "焕发生命力": "未关注唤醒内在活力或潜能。",
      "点燃动力": "不涉及突破行动瓶颈或意志召唤。",
      "拥抱女性身份": "无女性身份相关内容。",
      "女性力量": "未涉及抗争/主权意识建构。",
      "亲密关系": "语句未指向关系修复或信任建设。",
      "人际交往": "未关注社交掌控感或边界维护。",
      "爱家人": "未提及家庭成员或家庭关系。",
      "原谅": "无关于宽恕他人或自我原谅的内容。",
      "事业成功": "无职业发展或成就目标导向。",
      "擦拭信念": "未涉及信念重塑或理想追求。",
      "追梦无悔": "未体现追梦或不懈努力情境。"
    }
  }
}
2025-05-13 11:41:28,026 - INFO - HTTP Request: POST https://api.moonshot.cn/v1/chat/completions "HTTP/1.1 200 OK"
2025-05-13 11:41:28,028 - WARNING - 原始响应内容: {
  "key": "合集",
  "value": ["积极心态", "自信", "个人成长"],
  "note": {
    "未选合集及理由": {
      "艰难时刻": "语句不涉及自我安抚或情绪困境的接纳。",
      "平静内心": "不符合寻找心理宁静的需求。",
      "抗击抑郁": "语句未聚焦低落情绪的恢复。",
      "心碎疗愈": "无情感伤害或关系修复内容。",
      "自我关怀": "无直接关于滋养自我的表达。",
      "减压放松": "未体现压力释放或当下放松意图。",
      "感恩练习": "不涉及感恩或资源觉察内容。",
      "爱我的身体": "无身体相关的觉察或积极接纳表达。",
      "爱自己": "未明确传达无条件自我认同。",
      "自尊心": "未强调自身价值体系的稳固。",
      "我很好": "不涉及自我状态的简单确认。",
      "愉悦心情": "不涉及日常愉悦感知。",
      "焕发生命力": "未关注唤醒内在活力或潜能。",
      "点燃动力": "不涉及突破行动瓶颈或意志召唤。",
      "拥抱女性身份": "无女性身份相关内容。",
      "女性力量": "未涉及抗争/主权意识建构。",
      "亲密关系": "语句未指向关系修复或信任建设。",
      "人际交往": "未关注社交掌控感或边界维护。",
      "爱家人": "未提及家庭成员或家庭关系。",
      "原谅": "无关于宽恕他人或自我原谅的内容。",
      "事业成功": "无职业发展或成就目标导向。",
      "擦拭信念": "未涉及信念重塑或理想追求。",
      "追梦无悔": "未体现追梦或不懈努力情境。"
    }
  }
}
2025-05-13 11:41:28,092 - INFO - HTTP Request: POST https://api.moonshot.cn/v1/chat/completions "HTTP/1.1 200 OK"
2025-05-13 11:41:28,093 - INFO - HTTP Request: POST https://api.moonshot.cn/v1/chat/completions "HTTP/1.1 200 OK"
2025-05-13 11:41:28,094 - WARNING - 原始响应内容: {
  "key": "合集",
  "value": ["自我关怀", "我很好"],
  "note": {
    "未选合集及理由": {
      "艰难时刻": "语句不涉及自我安抚或情绪困境的接纳。",
      "平静内心": "不符合寻找心理宁静的需求。",
      "抗击抑郁": "语句未聚焦低落情绪的恢复。",
      "心碎疗愈": "无情感伤害或关系修复内容。",
      "减压放松": "未体现压力释放或当下放松意图。",
      "感恩练习": "不涉及感恩或资源觉察内容。",
      "爱我的身体": "无身体相关的觉察或积极接纳表达。",
      "爱自己": "未明确传达无条件自我认同。",
      "自尊心": "未强调自身价值体系的稳固。",
      "积极心态": "未强调乐观思维或积极感知。",
      "愉悦心情": "不涉及日常愉悦感知。",
      "焕发生命力": "未关注唤醒内在活力或潜能。",
      "点燃动力": "不涉及突破行动瓶颈或意志召唤。",
      "拥抱女性身份": "无女性身份相关内容。",
      "女性力量": "未涉及抗争/主权意识建构。",
      "亲密关系": "语句未指向关系修复或信任建设。",
      "人际交往": "未关注社交掌控感或边界维护。",
      "爱家人": "未提及家庭成员或家庭关系。",
      "原谅": "无关于宽恕他人或自我原谅的内容。",
      "事业成功": "无职业发展或成就目标导向。",
      "擦拭信念": "未涉及信念重塑或理想追求。",
      "追梦无悔": "未体现追梦或不懈努力情境。"
    }
  }
}
2025-05-13 11:41:28,096 - WARNING - 原始响应内容: {
  "key": "合集",
  "value": ["平静内心", "自信"],
  "note": {
    "未选合集及理由": {
      "个人成长": "语句未涉及自我提升或学习进步。",
      "艰难时刻": "语句不涉及自我安抚或情绪困境的接纳。",
      "抗击抑郁": "语句未聚焦低落情绪的恢复。",
      "心碎疗愈": "无情感伤害或关系修复内容。",
      "自我关怀": "未体现滋养自我的表达。",
      "减压放松": "未体现压力释放或当下放松意图。",
      "感恩练习": "不涉及感恩或资源觉察内容。",
      "爱我的身体": "无身体相关的觉察或积极接纳表达。",
      "爱自己": "未明确传达无条件自我认同。",
      "自尊心": "未强调自身价值体系的稳固。",
      "我很好": "不涉及自我状态的简单确认。",
      "积极心态": "未强调乐观思维或积极感知。",
      "愉悦心情": "不涉及日常愉悦感知。",
      "焕发生命力": "未关注唤醒内在活力或潜能。",
      "点燃动力": "不涉及突破行动瓶颈或意志召唤。",
      "拥抱女性身份": "无女性身份相关内容。",
      "女性力量": "未涉及抗争/主权意识建构。",
      "亲密关系": "语句未指向关系修复或信任建设。",
      "人际交往": "未关注社交掌控感或边界维护。",
      "爱家人": "未提及家庭成员或家庭关系。",
      "原谅": "无关于宽恕他人或自我原谅的内容。",
      "事业成功": "无职业发展或成就目标导向。",
      "擦拭信念": "未涉及信念重塑或理想追求。",
      "追梦无悔": "未体现追梦或不懈努力情境。"
    }
  }
}
2025-05-13 11:41:28,328 - INFO - HTTP Request: POST https://api.moonshot.cn/v1/chat/completions "HTTP/1.1 200 OK"
2025-05-13 11:41:28,329 - WARNING - 原始响应内容: {
  "key": "合集",
  "value": ["个人成长", "事业成功", "积极心态"],
  "note": {
    "未选合集及理由": {
      "艰难时刻": "语句不涉及自我安抚或情绪困境的接纳。",
      "平静内心": "不符合寻找心理宁静的需求。",
      "抗击抑郁": "语句未聚焦低落情绪的恢复。",
      "心碎疗愈": "无情感伤害或关系修复内容。",
      "自我关怀": "无直接关于滋养自我的表达。",
      "减压放松": "未体现压力释放或当下放松意图。",
      "感恩练习": "不涉及感恩或资源觉察内容。",
      "爱我的身体": "无身体相关的觉察或积极接纳表达。",
      "爱自己": "未明确传达无条件自我认同。",
      "自尊心": "未强调自身价值体系的稳固。",
      "我很好": "不涉及自我状态的简单确认。",
      "愉悦心情": "不涉及日常愉悦感知。",
      "焕发生命力": "未关注唤醒内在活力或潜能。",
      "点燃动力": "不涉及突破行动瓶颈或意志召唤。",
      "拥抱女性身份": "无女性身份相关内容。",
      "女性力量": "未涉及抗争/主权意识建构。",
      "亲密关系": "语句未指向关系修复或信任建设。",
      "人际交往": "未关注社交掌控感或边界维护。",
      "爱家人": "未提及家庭成员或家庭关系。",
      "原谅": "无关于宽恕他人或自我原谅的内容。",
      "擦拭信念": "未涉及信念重塑或理想追求。",
      "追梦无悔": "未体现追梦或不懈努力情境。"
    }
  }
}
2025-05-13 11:41:28,821 - INFO - HTTP Request: POST https://api.moonshot.cn/v1/chat/completions "HTTP/1.1 200 OK"
2025-05-13 11:41:28,823 - WARNING - 原始响应内容: {
  "key": "合集",
  "value": ["感恩练习", "愉悦心情"],
  "note": {
    "未选合集及理由": {
      "个人成长":"语句未聚焦个人发展或学习进步。",
      "自信":"未强调自我信任或能力肯定。",
      "艰难时刻": "语句不涉及自我安抚或情绪困境的接纳。",
      "平静内心": "不符合寻找心理宁静的需求。",
      "抗击抑郁": "语句未聚焦低落情绪的恢复。",
      "心碎疗愈": "无情感伤害或关系修复内容。",
      "自我关怀": "无直接关于滋养自我的表达。",
      "减压放松": "未体现压力释放或当下放松意图。",
      "爱我的身体": "无身体相关的觉察或积极接纳表达。",
      "爱自己": "未明确传达无条件自我认同。",
      "自尊心": "未强调自身价值体系的稳固。",
      "我很好": "不涉及自我状态的简单确认。",
      "积极心态": "虽然语句包含积极元素，但更侧重于感恩和愉悦心情。",
      "焕发生命力": "未关注唤醒内在活力或潜能。",
      "点燃动力": "不涉及突破行动瓶颈或意志召唤。",
      "拥抱女性身份": "无女性身份相关内容。",
      "女性力量": "未涉及抗争/主权意识建构。",
      "亲密关系": "语句未指向关系修复或信任建设。",
      "人际交往": "未关注社交掌控感或边界维护。",
      "爱家人": "未提及家庭成员或家庭关系。",
      "原谅": "无关于宽恕他人或自我原谅的内容。",
      "事业成功": "无职业发展或成就目标导向。",
      "擦拭信念": "未涉及信念重塑或理想追求。",
      "追梦无悔": "未体现追梦或不懈努力情境。"
    }
  }
}
